<?xml version="1.0" encoding="UTF-8"?><testsuite errors="0" failures="0" name="Register" skipped="4" tests="4" time="8.42" timestamp="2023-06-09 06:48:46"><testcase name="As a user i want to register account with valid data"><skipped/></testcase><testcase name="As a user i want to register account with invalid fullname"><skipped/></testcase><testcase name="As a user i want to register account with invalid password"><skipped/></testcase><testcase name="As a user i want to register account without using email"><skipped/></testcase></testsuite>