<?xml version="1.0" encoding="UTF-8"?><testsuite errors="0" failures="0" name="Login, As a user I want to login,So that i can access homepage" skipped="5" tests="5" time="11.43" timestamp="2023-06-09 06:48:30"><testcase name="As a user i want to login form my account"><skipped/></testcase><testcase name="As a user i want to login with wrong password"><skipped/></testcase><testcase name="As a user i want to login with wrong email"><skipped/></testcase><testcase name="As a user i want to login with invalid email"><skipped/></testcase><testcase name="As a user i want to login without input password"><skipped/></testcase></testsuite>