<?xml version="1.0" encoding="UTF-8"?>
<testsuite xmlns:xsi="http://www.w3.org/2001/XMLSchema-instance" xsi:noNamespaceSchemaLocation="https://maven.apache.org/surefire/maven-failsafe-plugin/xsd/failsafe-test-report-3.0.xsd" version="3.0" name="starter.CucumberTestSuite" time="21.595" tests="24" errors="0" skipped="0" failures="5">
  <properties>
[...]
</properties>
  <testcase name="POST - As an admin I have be able to create new category posts" classname="Posts #1" time="8.848">
    <failure type="java.lang.AssertionError"><![CDATA[java.lang.AssertionError: 
1 expectation failed.
JSON path data.id doesn't match.
Expected: <13946>
  Actual: null

]]></failure>
    <system-out><![CDATA[10:14:47.755 [main] DEBUG net.thucydides.core.guice.Injectors - Created injector for module net.thucydides.core.guice.ThucydidesModule
10:14:48.326 [main] DEBUG io.cucumber.core.plugin.SerenityReporter - Running feature from file:///C:/Users/Dimas%20Rizqi%20Suryana/Mini_Project2/src/test/resources/features/User_Category.feature
10:14:48.582 [main] DEBUG net.thucydides.core.guice.Injectors - Created injector for module net.thucydides.core.guice.webdriver.WebDriverModule
10:14:48.615 [main] INFO  - 

-------------------------------------------------------------------------------------
     _______. _______ .______       _______ .__   __.  __  .___________.____    ____ 
    /       ||   ____||   _  \     |   ____||  \ |  | |  | |           |\   \  /   / 
   |   (----`|  |__   |  |_)  |    |  |__   |   \|  | |  | `---|  |----` \   \/   /  
    \   \    |   __|  |      /     |   __|  |  . `  | |  |     |  |       \_    _/   
.----)   |   |  |____ |  |\  \----.|  |____ |  |\   | |  |     |  |         |  |     
|_______/    |_______|| _| `._____||_______||__| \__| |__|     |__|         |__|    
                                                                                     
 News and tutorials at http://www.serenity-bdd.info                                  
 Documentation at https://wakaleo.gitbooks.io/the-serenity-book/content/             
 Join the Serenity Community on Gitter: https://gitter.im/serenity-bdd/serenity-core 
 Serenity BDD Support and Training at http://serenity-bdd.info/#/trainingandsupport  
-------------------------------------------------------------------------------------

10:14:48.618 [main] DEBUG net.thucydides.core.steps.StepEventBus - Test suite started for story net.thucydides.core.model.Story@1a702287
10:14:48.622 [main] INFO  - Test Suite Started: Posts
10:14:48.659 [main] DEBUG io.cucumber.core.plugin.SerenityReporter - Running feature from file:///C:/Users/Dimas%20Rizqi%20Suryana/Mini_Project2/src/test/resources/features/User_RatingandComment.feature
10:14:48.667 [main] DEBUG net.thucydides.core.steps.StepEventBus - Test suite started for story net.thucydides.core.model.Story@426c086e
10:14:48.667 [main] INFO  - Test Suite Started: Posts
10:14:48.668 [main] DEBUG io.cucumber.core.plugin.SerenityReporter - Running feature from file:///C:/Users/Dimas%20Rizqi%20Suryana/Mini_Project2/src/test/resources/features/User_Register.feature
10:14:48.671 [main] DEBUG net.thucydides.core.steps.StepEventBus - Test suite started for story net.thucydides.core.model.Story@ca641f2c
10:14:48.672 [main] INFO  - Test Suite Started: Posts
10:14:48.672 [main] DEBUG io.cucumber.core.plugin.SerenityReporter - Running feature from file:///C:/Users/Dimas%20Rizqi%20Suryana/Mini_Project2/src/test/resources/features/User_product.feature
10:14:48.681 [main] DEBUG net.thucydides.core.steps.StepEventBus - Test suite started for story net.thucydides.core.model.Story@b5097730
10:14:48.682 [main] INFO  - Test Suite Started: Posts
10:14:48.683 [main] DEBUG io.cucumber.core.plugin.SerenityReporter - Running feature from file:///C:/Users/Dimas%20Rizqi%20Suryana/Mini_Project2/src/test/resources/features/User_Category.feature
10:14:48.687 [main] DEBUG net.thucydides.core.steps.StepEventBus - Test suite started for story net.thucydides.core.model.Story@1a702287
10:14:48.688 [main] INFO  - Test Suite Started: Posts

Scenario: POST - As an admin I have be able to create new category posts &amp#27;[90m# src/test/resources/features/User_Category.feature:7&amp#27;[0m
10:14:48.805 [main] DEBUG io.cucumber.core.plugin.SerenityReporter - Running feature from file:///C:/Users/Dimas%20Rizqi%20Suryana/Mini_Project2/src/test/resources/features/User_Category.feature
10:14:49.608 [main] INFO  - 
  _____   ___   ___   _____     ___   _____     _     ___   _____   ___   ___  
 |_   _| | __| / __| |_   _|   / __| |_   _|   /_\   | _ \ |_   _| | __| |   \ 
   | |   | _|  \__ \   | |     \__ \   | |    / _ \  |   /   | |   | _|  | |) |
   |_|   |___| |___/   |_|     |___/   |_|   /_/ \_\ |_|_\   |_|   |___| |___/ 

POST - As an admin I have be able to create new category posts(posts;post---as-an-admin-i-have-be-able-to-create-new-category-posts)
--------------------------------------------------------------------------------
10:14:50.371 [main] DEBUG net.thucydides.core.requirements.model.cucumber.CucumberParser - Loading feature C:\Users\Dimas Rizqi Suryana\Mini_Project2\src\test\resources\features\User_Category.feature
10:14:50.402 [main] DEBUG net.thucydides.core.requirements.model.cucumber.CucumberParser - Loading feature C:\Users\Dimas Rizqi Suryana\Mini_Project2\src\test\resources\features\User_product.feature
10:14:50.413 [main] DEBUG net.thucydides.core.requirements.model.cucumber.CucumberParser - Loading feature C:\Users\Dimas Rizqi Suryana\Mini_Project2\src\test\resources\features\User_RatingandComment.feature
10:14:50.427 [main] DEBUG net.thucydides.core.requirements.model.cucumber.CucumberParser - Loading feature C:\Users\Dimas Rizqi Suryana\Mini_Project2\src\test\resources\features\User_Register.feature
10:14:51.398 [main] DEBUG net.thucydides.core.steps.StepInterceptor - STARTING STEP: User_Category_steps.setPostCategoryApiEndpoints - I set POST category api endpoints
10:14:51.409 [main] DEBUG net.thucydides.core.steps.StepInterceptor - STEP DONE: I set POST category api endpoints
  &amp#27;[32mGiven &amp#27;[0m&amp#27;[32mI set POST category api endpoints&amp#27;[0m                                &amp#27;[90m# starter.stepdefinition.User_Category_steps.setPostCategoryApiEndpoints()&amp#27;[0m
10:14:51.442 [main] DEBUG net.thucydides.core.steps.StepInterceptor - STARTING STEP: User_Category_steps.sendPostCategoryHttpRequest - I send POST category HTTP request
10:14:53.204 [main] DEBUG net.thucydides.core.steps.StepInterceptor - STARTING STEP: POST_Category.sendPostCategoryHttpRequest - I set POST category api endpoints
10:14:53.204 [main] DEBUG net.thucydides.core.steps.StepInterceptor - STEP DONE: I set POST category api endpoints
10:14:53.836 [main] DEBUG org.apache.http.impl.conn.BasicClientConnectionManager - Get connection for route {s}->https://altashop-api.fly.dev:443
10:14:54.488 [main] DEBUG org.apache.http.impl.conn.DefaultClientConnectionOperator - Connecting to altashop-api.fly.dev:443
10:14:56.778 [main] DEBUG org.apache.http.client.protocol.RequestAddCookies - CookieSpec selected: ignoreCookies
10:14:56.779 [main] DEBUG org.apache.http.client.protocol.RequestAuthCache - Auth cache not set in the context
10:14:56.779 [main] DEBUG org.apache.http.client.protocol.RequestTargetAuthentication - Target auth state: UNCHALLENGED
10:14:56.779 [main] DEBUG org.apache.http.client.protocol.RequestProxyAuthentication - Proxy auth state: UNCHALLENGED
10:14:56.779 [main] DEBUG org.apache.http.impl.client.DefaultHttpClient - Attempt 1 to execute request
10:14:56.779 [main] DEBUG org.apache.http.impl.conn.DefaultClientConnection - Sending request: POST /api/categories HTTP/1.1
10:14:56.780 [main] DEBUG org.apache.http.wire -  >> "POST /api/categories HTTP/1.1[\r][\n]"
10:14:56.781 [main] DEBUG org.apache.http.wire -  >> "Conten-Type: aplication/json[\r][\n]"
10:14:56.781 [main] DEBUG org.apache.http.wire -  >> "Accept: */*[\r][\n]"
10:14:56.781 [main] DEBUG org.apache.http.wire -  >> "Content-Type: text/plain; charset=ISO-8859-1[\r][\n]"
10:14:56.781 [main] DEBUG org.apache.http.wire -  >> "Content-Length: 53[\r][\n]"
10:14:56.781 [main] DEBUG org.apache.http.wire -  >> "Host: altashop-api.fly.dev[\r][\n]"
10:14:56.781 [main] DEBUG org.apache.http.wire -  >> "Connection: Keep-Alive[\r][\n]"
10:14:56.782 [main] DEBUG org.apache.http.wire -  >> "User-Agent: Apache-HttpClient/4.5.13 (Java/18.0.2.1)[\r][\n]"
10:14:56.782 [main] DEBUG org.apache.http.wire -  >> "Accept-Encoding: gzip,deflate[\r][\n]"
10:14:56.782 [main] DEBUG org.apache.http.wire -  >> "[\r][\n]"
10:14:56.782 [main] DEBUG org.apache.http.headers - >> POST /api/categories HTTP/1.1
10:14:56.782 [main] DEBUG org.apache.http.headers - >> Conten-Type: aplication/json
10:14:56.782 [main] DEBUG org.apache.http.headers - >> Accept: */*
10:14:56.782 [main] DEBUG org.apache.http.headers - >> Content-Type: text/plain; charset=ISO-8859-1
10:14:56.782 [main] DEBUG org.apache.http.headers - >> Content-Length: 53
10:14:56.782 [main] DEBUG org.apache.http.headers - >> Host: altashop-api.fly.dev
10:14:56.782 [main] DEBUG org.apache.http.headers - >> Connection: Keep-Alive
10:14:56.782 [main] DEBUG org.apache.http.headers - >> User-Agent: Apache-HttpClient/4.5.13 (Java/18.0.2.1)
10:14:56.782 [main] DEBUG org.apache.http.headers - >> Accept-Encoding: gzip,deflate
10:14:56.782 [main] DEBUG org.apache.http.wire -  >> "{"name":"gaming","description":"for gaming purposes"}"
10:14:56.828 [main] DEBUG org.apache.http.wire -  << "HTTP/1.1 200 OK[\r][\n]"
10:14:56.829 [main] DEBUG org.apache.http.wire -  << "content-type: application/json[\r][\n]"
10:14:56.829 [main] DEBUG org.apache.http.wire -  << "date: Wed, 31 May 2023 03:14:56 GMT[\r][\n]"
10:14:56.829 [main] DEBUG org.apache.http.wire -  << "content-encoding: gzip[\r][\n]"
10:14:56.829 [main] DEBUG org.apache.http.wire -  << "transfer-encoding: chunked[\r][\n]"
10:14:56.829 [main] DEBUG org.apache.http.wire -  << "server: Fly/fe06e9419 (2023-05-24)[\r][\n]"
10:14:56.829 [main] DEBUG org.apache.http.wire -  << "via: 1.1 fly.io[\r][\n]"
10:14:56.829 [main] DEBUG org.apache.http.wire -  << "fly-request-id: 01H1QWTAMNEA50NW8T1FDTNG6N-sin[\r][\n]"
10:14:56.829 [main] DEBUG org.apache.http.wire -  << "[\r][\n]"
10:14:56.830 [main] DEBUG org.apache.http.impl.conn.DefaultClientConnection - Receiving response: HTTP/1.1 200 OK
10:14:56.830 [main] DEBUG org.apache.http.headers - << HTTP/1.1 200 OK
10:14:56.830 [main] DEBUG org.apache.http.headers - << content-type: application/json
10:14:56.830 [main] DEBUG org.apache.http.headers - << date: Wed, 31 May 2023 03:14:56 GMT
10:14:56.830 [main] DEBUG org.apache.http.headers - << content-encoding: gzip
10:14:56.830 [main] DEBUG org.apache.http.headers - << transfer-encoding: chunked
10:14:56.830 [main] DEBUG org.apache.http.headers - << server: Fly/fe06e9419 (2023-05-24)
10:14:56.830 [main] DEBUG org.apache.http.headers - << via: 1.1 fly.io
10:14:56.830 [main] DEBUG org.apache.http.headers - << fly-request-id: 01H1QWTAMNEA50NW8T1FDTNG6N-sin
10:14:56.834 [main] DEBUG org.apache.http.impl.client.DefaultHttpClient - Connection can be kept alive indefinitely
10:14:56.838 [main] DEBUG io.restassured.internal.RestAssuredHttpBuilder - Parsing response as: application/json
10:14:56.839 [main] DEBUG org.apache.http.wire -  << "5A[\r][\n]"
10:14:56.839 [main] DEBUG org.apache.http.wire -  << "[0x1f][0x8b][0x8][0x0][0x0][0x0][0x0][0x0][0x4][0xff][0xab]VJI,IT[0xb2][0xaa]V[0xf2]tQ[0xb2]2[0xb2]4[0xb5]0[0xd6]Q[0xf2]K[0xcc]MU[0xb2]RJO[0xcc][0xcd][0xcc]KW[0xd2]QrI-N.[0xca],([0xc9][0xcc][0xcf]S[0xb2]RJ[0xcb]/R[0x80]H)[0x14][0x94][0x16][0x15][0xe4][0x17][0xa7][0x16]+[0xd5][0xd6]r[0x1][0x0][0xe1]%[0x82]bJ[0x0][0x0][0x0]"
10:14:56.839 [main] DEBUG org.apache.http.wire -  << "[\r][\n]"
10:14:56.839 [main] DEBUG org.apache.http.wire -  << "0[\r][\n]"
10:14:56.839 [main] DEBUG org.apache.http.wire -  << "[\r][\n]"
10:14:56.839 [main] DEBUG io.restassured.internal.RestAssuredHttpBuilder - Parsed data to instance of: class org.apache.http.conn.EofSensorInputStream
10:14:56.866 [main] DEBUG org.apache.http.impl.conn.BasicClientConnectionManager - Releasing connection org.apache.http.impl.conn.ManagedClientConnectionImpl@54a6ef6
10:14:56.866 [main] DEBUG org.apache.http.impl.conn.BasicClientConnectionManager - Connection can be kept alive indefinitely
10:14:56.883 [main] DEBUG net.thucydides.core.steps.StepInterceptor - STEP DONE: I send POST category HTTP request
  &amp#27;[32mWhen &amp#27;[0m&amp#27;[32mI send POST category HTTP request&amp#27;[0m                                 &amp#27;[90m# starter.stepdefinition.User_Category_steps.sendPostCategoryHttpRequest()&amp#27;[0m
10:14:56.910 [main] DEBUG net.thucydides.core.steps.StepInterceptor - STARTING STEP: User_produuct_steps.reciveValidHttp201 - I receive valid HTTP response code 201
10:14:56.934 [main] DEBUG net.thucydides.core.steps.StepInterceptor - STEP DONE: I receive valid HTTP response code 201
  &amp#27;[32mThen &amp#27;[0m&amp#27;[32mI receive valid HTTP response code 201&amp#27;[0m                            &amp#27;[90m# starter.stepdefinition.User_produuct_steps.reciveValidHttp201()&amp#27;[0m
10:14:56.938 [main] DEBUG net.thucydides.core.steps.StepInterceptor - STARTING STEP: User_Category_steps.reciveValidDataNewCategoryPost - I receive valid data for new category posts
  &amp#27;[31mAnd &amp#27;[0m&amp#27;[31mI receive valid data for new category posts&amp#27;[0m                        &amp#27;[90m# starter.stepdefinition.User_Category_steps.reciveValidDataNewCategoryPost()&amp#27;[0m
      &amp#27;[31mjava.lang.AssertionError: 1 expectation failed.
JSON path data.id doesn't match.
Expected: <13946>
  Actual: null

	at java.base/jdk.internal.reflect.DirectConstructorHandleAccessor.newInstance(DirectConstructorHandleAccessor.java:67)
	at java.base/java.lang.reflect.Constructor.newInstanceWithCaller(Constructor.java:499)
	at java.base/java.lang.reflect.Constructor.newInstance(Constructor.java:483)
	at org.codehaus.groovy.reflection.CachedConstructor.invoke(CachedConstructor.java:73)
	at org.codehaus.groovy.runtime.callsite.ConstructorSite$ConstructorSiteNoUnwrapNoCoerce.callConstructor(ConstructorSite.java:108)
	at org.codehaus.groovy.runtime.callsite.CallSiteArray.defaultCallConstructor(CallSiteArray.java:57)
	at org.codehaus.groovy.runtime.callsite.AbstractCallSite.callConstructor(AbstractCallSite.java:263)
	at org.codehaus.groovy.runtime.callsite.AbstractCallSite.callConstructor(AbstractCallSite.java:277)
	at io.restassured.internal.ResponseSpecificationImpl$HamcrestAssertionClosure.validate(ResponseSpecificationImpl.groovy:512)
	at io.restassured.internal.ResponseSpecificationImpl$HamcrestAssertionClosure$validate$1.call(Unknown Source)
	at io.restassured.internal.ResponseSpecificationImpl.validateResponseIfRequired(ResponseSpecificationImpl.groovy:696)
	at io.restassured.internal.ResponseSpecificationImpl.this$2$validateResponseIfRequired(ResponseSpecificationImpl.groovy)
	at java.base/jdk.internal.reflect.DirectMethodHandleAccessor.invoke(DirectMethodHandleAccessor.java:104)
	at java.base/java.lang.reflect.Method.invoke(Method.java:577)
	at org.codehaus.groovy.runtime.callsite.PlainObjectMetaMethodSite.doInvoke(PlainObjectMetaMethodSite.java:43)
	at org.codehaus.groovy.runtime.callsite.PogoMetaMethodSite$PogoCachedMethodSiteNoUnwrapNoCoerce.invoke(PogoMetaMethodSite.java:198)
	at org.codehaus.groovy.runtime.callsite.PogoMetaMethodSite.callCurrent(PogoMetaMethodSite.java:62)
	at org.codehaus.groovy.runtime.callsite.CallSiteArray.defaultCallCurrent(CallSiteArray.java:49)
	at org.codehaus.groovy.runtime.callsite.AbstractCallSite.callCurrent(AbstractCallSite.java:171)
	at org.codehaus.groovy.runtime.callsite.AbstractCallSite.callCurrent(AbstractCallSite.java:185)
	at io.restassured.internal.ResponseSpecificationImpl.body(ResponseSpecificationImpl.groovy:270)
	at io.restassured.specification.ResponseSpecification$body$1.callCurrent(Unknown Source)
	at org.codehaus.groovy.runtime.callsite.CallSiteArray.defaultCallCurrent(CallSiteArray.java:49)
	at org.codehaus.groovy.runtime.callsite.AbstractCallSite.callCurrent(AbstractCallSite.java:171)
	at org.codehaus.groovy.runtime.callsite.AbstractCallSite.callCurrent(AbstractCallSite.java:212)
	at io.restassured.internal.ResponseSpecificationImpl.body(ResponseSpecificationImpl.groovy:117)
	at io.restassured.internal.ValidatableResponseOptionsImpl.body(ValidatableResponseOptionsImpl.java:244)
	at minpro@1.0-SNAPSHOT/starter.user.POST_Category.lambda$validateDataNewCategoryPost$0(POST_Category.java:32)
	at net.serenitybdd.rest.SerenityRest.restAssuredThat(SerenityRest.java:626)
	at minpro@1.0-SNAPSHOT/starter.user.POST_Category.validateDataNewCategoryPost(POST_Category.java:32)
	at minpro@1.0-SNAPSHOT/starter.user.POST_Category$ByteBuddy$YiSHT9tv.validateDataNewCategoryPost$accessor$4wkdrGLe(Unknown Source)
	at java.base/jdk.internal.reflect.DirectMethodHandleAccessor.invoke(DirectMethodHandleAccessor.java:104)
	at java.base/java.lang.reflect.Method.invoke(Method.java:577)
	at net.thucydides.core.steps.StepInterceptor.invokeMethod(StepInterceptor.java:518)
	at net.thucydides.core.steps.StepInterceptor.executeTestStepMethod(StepInterceptor.java:498)
	at net.thucydides.core.steps.StepInterceptor.runTestStep(StepInterceptor.java:472)
	at net.thucydides.core.steps.StepInterceptor.runOrSkipMethod(StepInterceptor.java:211)
	at net.thucydides.core.steps.StepInterceptor.testStepResult(StepInterceptor.java:198)
	at net.thucydides.core.steps.StepInterceptor.intercept(StepInterceptor.java:86)
	at net.thucydides.core.steps.ProxyConfiguration$InterceptorDispatcher.intercept(ProxyConfiguration.java:51)
	at minpro@1.0-SNAPSHOT/starter.user.POST_Category$ByteBuddy$YiSHT9tv.validateDataNewCategoryPost(Unknown Source)
	at minpro@1.0-SNAPSHOT/starter.stepdefinition.User_Category_steps.reciveValidDataNewCategoryPost(User_Category_steps.java:41)
	at ✽.I receive valid data for new category posts(file:///C:/Users/Dimas%20Rizqi%20Suryana/Mini_Project2/src/test/resources/features/User_Category.feature:11)
&amp#27;[0m
10:14:57.455 [main] ERROR  - 
  _____   ___   ___   _____     ___     _     ___   _      ___   ___  
 |_   _| | __| / __| |_   _|   | __|   /_\   |_ _| | |    | __| |   \ 
   | |   | _|  \__ \   | |     | _|   / _ \   | |  | |__  | _|  | |) |
   |_|   |___| |___/   |_|     |_|   /_/ \_\ |___| |____| |___| |___/ 

POST - As an admin I have be able to create new category posts
-----------------------------------------------------------------------
10:14:57.458 [main] DEBUG  - RELATED ISSUES: 
10:14:57.542 [main] ERROR  -     Test failed at step: I receive valid data for new category posts
10:14:57.543 [main] ERROR  -     1 expectation failed.JSON path data.id doesn't match.Expected: <13946>  Actual: null
]]></system-out>
  </testcase>
  <testcase name="POST - As an admin I shouldn&apos;t be able to create new category posts with invalid url" classname="Posts #1" time="0.183">
    <system-out><![CDATA[
Scenario: POST - As an admin I shouldn't be able to create new category posts with invalid url &amp#27;[90m# src/test/resources/features/User_Category.feature:13&amp#27;[0m
10:14:57.565 [main] DEBUG io.cucumber.core.plugin.SerenityReporter - Running feature from file:///C:/Users/Dimas%20Rizqi%20Suryana/Mini_Project2/src/test/resources/features/User_Category.feature
10:14:57.570 [main] INFO  - 
  _____   ___   ___   _____     ___   _____     _     ___   _____   ___   ___  
 |_   _| | __| / __| |_   _|   / __| |_   _|   /_\   | _ \ |_   _| | __| |   \ 
   | |   | _|  \__ \   | |     \__ \   | |    / _ \  |   /   | |   | _|  | |) |
   |_|   |___| |___/   |_|     |___/   |_|   /_/ \_\ |_|_\   |_|   |___| |___/ 

POST - As an admin I shouldn't be able to create new category posts with invalid url(posts;post---as-an-admin-i-shouldn-t-be-able-to-create-new-category-posts-with-invalid-url)
--------------------------------------------------------------------------------
10:14:57.592 [main] DEBUG net.thucydides.core.steps.StepInterceptor - STARTING STEP: User_Category_steps.setInvalidPostCategoryApiEndpoints - I set typo POST category api endpoints
10:14:57.593 [main] DEBUG net.thucydides.core.steps.StepInterceptor - STEP DONE: I set typo POST category api endpoints
  &amp#27;[32mGiven &amp#27;[0m&amp#27;[32mI set typo POST category api endpoints&amp#27;[0m                                                 &amp#27;[90m# starter.stepdefinition.User_Category_steps.setInvalidPostCategoryApiEndpoints()&amp#27;[0m
10:14:57.608 [main] DEBUG net.thucydides.core.steps.StepInterceptor - STARTING STEP: User_produuct_steps.sendPostInvalidHttpRequest - I send typo POST HTTP request
10:14:57.610 [main] DEBUG net.thucydides.core.steps.StepInterceptor - STARTING STEP: POST_Product.sendInvalidPostHttpRequest - I set typo POST api endpoints
10:14:57.612 [main] DEBUG net.thucydides.core.steps.StepInterceptor - STEP DONE: I set typo POST api endpoints
10:14:57.645 [main] DEBUG org.apache.http.impl.conn.BasicClientConnectionManager - Get connection for route {s}->https://altashop-api.fly.dev:443
10:14:57.645 [main] DEBUG org.apache.http.impl.conn.DefaultClientConnectionOperator - Connecting to altashop-api.fly.dev:443
10:14:57.699 [main] DEBUG org.apache.http.client.protocol.RequestAddCookies - CookieSpec selected: ignoreCookies
10:14:57.700 [main] DEBUG org.apache.http.client.protocol.RequestAuthCache - Auth cache not set in the context
10:14:57.700 [main] DEBUG org.apache.http.client.protocol.RequestTargetAuthentication - Target auth state: UNCHALLENGED
10:14:57.700 [main] DEBUG org.apache.http.client.protocol.RequestProxyAuthentication - Proxy auth state: UNCHALLENGED
10:14:57.700 [main] DEBUG org.apache.http.impl.client.DefaultHttpClient - Attempt 1 to execute request
10:14:57.700 [main] DEBUG org.apache.http.impl.conn.DefaultClientConnection - Sending request: GET /api/product HTTP/1.1
10:14:57.700 [main] DEBUG org.apache.http.wire -  >> "GET /api/product HTTP/1.1[\r][\n]"
10:14:57.700 [main] DEBUG org.apache.http.wire -  >> "Accept: */*[\r][\n]"
10:14:57.700 [main] DEBUG org.apache.http.wire -  >> "Host: altashop-api.fly.dev[\r][\n]"
10:14:57.700 [main] DEBUG org.apache.http.wire -  >> "Connection: Keep-Alive[\r][\n]"
10:14:57.700 [main] DEBUG org.apache.http.wire -  >> "User-Agent: Apache-HttpClient/4.5.13 (Java/18.0.2.1)[\r][\n]"
10:14:57.700 [main] DEBUG org.apache.http.wire -  >> "Accept-Encoding: gzip,deflate[\r][\n]"
10:14:57.700 [main] DEBUG org.apache.http.wire -  >> "[\r][\n]"
10:14:57.700 [main] DEBUG org.apache.http.headers - >> GET /api/product HTTP/1.1
10:14:57.700 [main] DEBUG org.apache.http.headers - >> Accept: */*
10:14:57.700 [main] DEBUG org.apache.http.headers - >> Host: altashop-api.fly.dev
10:14:57.700 [main] DEBUG org.apache.http.headers - >> Connection: Keep-Alive
10:14:57.700 [main] DEBUG org.apache.http.headers - >> User-Agent: Apache-HttpClient/4.5.13 (Java/18.0.2.1)
10:14:57.700 [main] DEBUG org.apache.http.headers - >> Accept-Encoding: gzip,deflate
10:14:57.720 [main] DEBUG org.apache.http.wire -  << "HTTP/1.1 404 Not Found[\r][\n]"
10:14:57.720 [main] DEBUG org.apache.http.wire -  << "date: Wed, 31 May 2023 03:14:57 GMT[\r][\n]"
10:14:57.720 [main] DEBUG org.apache.http.wire -  << "content-encoding: gzip[\r][\n]"
10:14:57.720 [main] DEBUG org.apache.http.wire -  << "content-type: text/plain; charset=utf-8[\r][\n]"
10:14:57.720 [main] DEBUG org.apache.http.wire -  << "transfer-encoding: chunked[\r][\n]"
10:14:57.720 [main] DEBUG org.apache.http.wire -  << "server: Fly/fe06e9419 (2023-05-24)[\r][\n]"
10:14:57.720 [main] DEBUG org.apache.http.wire -  << "via: 1.1 fly.io[\r][\n]"
10:14:57.720 [main] DEBUG org.apache.http.wire -  << "fly-request-id: 01H1QWTBHBGRTR87M9Z407JXVX-sin[\r][\n]"
10:14:57.720 [main] DEBUG org.apache.http.wire -  << "[\r][\n]"
10:14:57.720 [main] DEBUG org.apache.http.impl.conn.DefaultClientConnection - Receiving response: HTTP/1.1 404 Not Found
10:14:57.720 [main] DEBUG org.apache.http.headers - << HTTP/1.1 404 Not Found
10:14:57.720 [main] DEBUG org.apache.http.headers - << date: Wed, 31 May 2023 03:14:57 GMT
10:14:57.720 [main] DEBUG org.apache.http.headers - << content-encoding: gzip
10:14:57.720 [main] DEBUG org.apache.http.headers - << content-type: text/plain; charset=utf-8
10:14:57.720 [main] DEBUG org.apache.http.headers - << transfer-encoding: chunked
10:14:57.720 [main] DEBUG org.apache.http.headers - << server: Fly/fe06e9419 (2023-05-24)
10:14:57.720 [main] DEBUG org.apache.http.headers - << via: 1.1 fly.io
10:14:57.720 [main] DEBUG org.apache.http.headers - << fly-request-id: 01H1QWTBHBGRTR87M9Z407JXVX-sin
10:14:57.720 [main] DEBUG org.apache.http.impl.client.DefaultHttpClient - Connection can be kept alive indefinitely
10:14:57.720 [main] DEBUG io.restassured.internal.RestAssuredHttpBuilder - Parsing response as: text/plain; charset=utf-8
10:14:57.720 [main] DEBUG org.apache.http.wire -  << "1E[\r][\n]"
10:14:57.720 [main] DEBUG org.apache.http.wire -  << "[0x1f][0x8b][0x8][0x0][0x0][0x0][0x0][0x0][0x4][0xff][0xcb][0xcb]/QH[0xcb]/[0xcd]K[0xe1][0x2][0x0][0xd4]I[0xfa]r[\n]"
10:14:57.720 [main] DEBUG org.apache.http.wire -  << "[0x0][0x0][0x0]"
10:14:57.720 [main] DEBUG org.apache.http.wire -  << "[\r][\n]"
10:14:57.722 [main] DEBUG org.apache.http.wire -  << "0[\r][\n]"
10:14:57.722 [main] DEBUG org.apache.http.wire -  << "[\r][\n]"
10:14:57.722 [main] DEBUG io.restassured.internal.RestAssuredHttpBuilder - Parsed data to instance of: class org.apache.http.conn.EofSensorInputStream
10:14:57.723 [main] DEBUG org.apache.http.impl.conn.BasicClientConnectionManager - Releasing connection org.apache.http.impl.conn.ManagedClientConnectionImpl@750457a5
10:14:57.723 [main] DEBUG org.apache.http.impl.conn.BasicClientConnectionManager - Connection can be kept alive indefinitely
10:14:57.724 [main] DEBUG net.thucydides.core.steps.StepInterceptor - STEP DONE: I send typo POST HTTP request
  &amp#27;[32mWhen &amp#27;[0m&amp#27;[32mI send typo POST HTTP request&amp#27;[0m                                                           &amp#27;[90m# starter.stepdefinition.User_produuct_steps.sendPostInvalidHttpRequest()&amp#27;[0m
10:14:57.728 [main] DEBUG net.thucydides.core.steps.StepInterceptor - STARTING STEP: User_produuct_steps.reciveInvalidHttpResponse - I receive invalid HTTP response code 404 Not Found
10:14:57.729 [main] DEBUG net.thucydides.core.steps.StepInterceptor - STEP DONE: I receive invalid HTTP response code 404 Not Found
  &amp#27;[32mThen &amp#27;[0m&amp#27;[32mI receive invalid HTTP response code 404 Not Found&amp#27;[0m                                      &amp#27;[90m# starter.stepdefinition.User_produuct_steps.reciveInvalidHttpResponse()&amp#27;[0m
10:14:57.734 [main] DEBUG net.thucydides.core.steps.StepInterceptor - STARTING STEP: User_produuct_steps.reciveNothing - I receive nothing from the page
10:14:57.735 [main] DEBUG net.thucydides.core.steps.StepInterceptor - STEP DONE: I receive nothing from the page
  &amp#27;[32mAnd &amp#27;[0m&amp#27;[32mI receive nothing from the page&amp#27;[0m                                                          &amp#27;[90m# starter.stepdefinition.User_produuct_steps.reciveNothing()&amp#27;[0m
10:14:57.739 [main] INFO  - 
  _____   ___   ___   _____     ___     _     ___   ___   ___   ___  
 |_   _| | __| / __| |_   _|   | _ \   /_\   / __| / __| | __| |   \ 
   | |   | _|  \__ \   | |     |  _/  / _ \  \__ \ \__ \ | _|  | |) |
   |_|   |___| |___/   |_|     |_|   /_/ \_\ |___/ |___/ |___| |___/ 

POST - As an admin I shouldn't be able to create new category posts with invalid url
----------------------------------------------------------------------
]]></system-out>
  </testcase>
  <testcase name="GET - As an admin I have be able to see posts category number 1" classname="Posts #1" time="0.175">
    <failure type="java.lang.AssertionError"><![CDATA[java.lang.AssertionError: 
1 expectation failed.
Expected status code <200> but was <404>.

]]></failure>
    <system-out><![CDATA[
Scenario: GET - As an admin I have be able to see posts category number 1 &amp#27;[90m# src/test/resources/features/User_Category.feature:19&amp#27;[0m
10:14:57.748 [main] DEBUG io.cucumber.core.plugin.SerenityReporter - Running feature from file:///C:/Users/Dimas%20Rizqi%20Suryana/Mini_Project2/src/test/resources/features/User_Category.feature
10:14:57.752 [main] INFO  - 
  _____   ___   ___   _____     ___   _____     _     ___   _____   ___   ___  
 |_   _| | __| / __| |_   _|   / __| |_   _|   /_\   | _ \ |_   _| | __| |   \ 
   | |   | _|  \__ \   | |     \__ \   | |    / _ \  |   /   | |   | _|  | |) |
   |_|   |___| |___/   |_|     |___/   |_|   /_/ \_\ |_|_\   |_|   |___| |___/ 

GET - As an admin I have be able to see posts category number 1(posts;get---as-an-admin-i-have-be-able-to-see-posts-category-number-1)
--------------------------------------------------------------------------------
10:14:57.761 [main] DEBUG net.thucydides.core.steps.StepInterceptor - STARTING STEP: User_Category_steps.setGetCategoryApiEndpoints - I set GET category api endpoints
10:14:57.762 [main] DEBUG net.thucydides.core.steps.StepInterceptor - STEP DONE: I set GET category api endpoints
  &amp#27;[32mGiven &amp#27;[0m&amp#27;[32mI set GET category api endpoints&amp#27;[0m                                  &amp#27;[90m# starter.stepdefinition.User_Category_steps.setGetCategoryApiEndpoints()&amp#27;[0m
10:14:57.765 [main] DEBUG net.thucydides.core.steps.StepInterceptor - STARTING STEP: User_Category_steps.sendGetCategoryHttpRequest - I send GET category HTTP request
10:14:57.768 [main] DEBUG net.thucydides.core.steps.StepInterceptor - STARTING STEP: GET_Category.sendGetCategoryHttpRequest - I set GET category api endpoints
10:14:57.769 [main] DEBUG net.thucydides.core.steps.StepInterceptor - STEP DONE: I set GET category api endpoints
10:14:57.780 [main] DEBUG org.apache.http.impl.conn.BasicClientConnectionManager - Get connection for route {s}->https://altashop-api.fly.dev:443
10:14:57.780 [main] DEBUG org.apache.http.impl.conn.DefaultClientConnectionOperator - Connecting to altashop-api.fly.dev:443
10:14:57.851 [main] DEBUG org.apache.http.client.protocol.RequestAddCookies - CookieSpec selected: ignoreCookies
10:14:57.851 [main] DEBUG org.apache.http.client.protocol.RequestAuthCache - Auth cache not set in the context
10:14:57.851 [main] DEBUG org.apache.http.client.protocol.RequestProxyAuthentication - Proxy auth state: UNCHALLENGED
10:14:57.851 [main] DEBUG org.apache.http.impl.client.DefaultHttpClient - Attempt 1 to execute request
10:14:57.851 [main] DEBUG org.apache.http.impl.conn.DefaultClientConnection - Sending request: GET /api/categories/13946 HTTP/1.1
10:14:57.852 [main] DEBUG org.apache.http.wire -  >> "GET /api/categories/13946 HTTP/1.1[\r][\n]"
10:14:57.852 [main] DEBUG org.apache.http.wire -  >> "Authorization: Bearer eyJhbGciOiJIUzI1NiIsInR5cCI6IkpXVCJ9.eyJGdWxsbmFtZSI6IkpvaG4gRG9lIiwiRW1haWwiOiJzb21lb25lQG1haWwuY29tIn0.WvBSxcQEqqniC1v08LzkrHcELegs0b7vtjGPWiaEWcI[\r][\n]"
10:14:57.852 [main] DEBUG org.apache.http.wire -  >> "Accept: */*[\r][\n]"
10:14:57.852 [main] DEBUG org.apache.http.wire -  >> "Host: altashop-api.fly.dev[\r][\n]"
10:14:57.852 [main] DEBUG org.apache.http.wire -  >> "Connection: Keep-Alive[\r][\n]"
10:14:57.852 [main] DEBUG org.apache.http.wire -  >> "User-Agent: Apache-HttpClient/4.5.13 (Java/18.0.2.1)[\r][\n]"
10:14:57.852 [main] DEBUG org.apache.http.wire -  >> "Accept-Encoding: gzip,deflate[\r][\n]"
10:14:57.852 [main] DEBUG org.apache.http.wire -  >> "[\r][\n]"
10:14:57.852 [main] DEBUG org.apache.http.headers - >> GET /api/categories/13946 HTTP/1.1
10:14:57.852 [main] DEBUG org.apache.http.headers - >> Authorization: Bearer eyJhbGciOiJIUzI1NiIsInR5cCI6IkpXVCJ9.eyJGdWxsbmFtZSI6IkpvaG4gRG9lIiwiRW1haWwiOiJzb21lb25lQG1haWwuY29tIn0.WvBSxcQEqqniC1v08LzkrHcELegs0b7vtjGPWiaEWcI
10:14:57.852 [main] DEBUG org.apache.http.headers - >> Accept: */*
10:14:57.852 [main] DEBUG org.apache.http.headers - >> Host: altashop-api.fly.dev
10:14:57.852 [main] DEBUG org.apache.http.headers - >> Connection: Keep-Alive
10:14:57.852 [main] DEBUG org.apache.http.headers - >> User-Agent: Apache-HttpClient/4.5.13 (Java/18.0.2.1)
10:14:57.852 [main] DEBUG org.apache.http.headers - >> Accept-Encoding: gzip,deflate
10:14:57.881 [main] DEBUG org.apache.http.wire -  << "HTTP/1.1 404 Not Found[\r][\n]"
10:14:57.881 [main] DEBUG org.apache.http.wire -  << "content-type: application/json[\r][\n]"
10:14:57.882 [main] DEBUG org.apache.http.wire -  << "date: Wed, 31 May 2023 03:14:57 GMT[\r][\n]"
10:14:57.882 [main] DEBUG org.apache.http.wire -  << "content-encoding: gzip[\r][\n]"
10:14:57.882 [main] DEBUG org.apache.http.wire -  << "transfer-encoding: chunked[\r][\n]"
10:14:57.882 [main] DEBUG org.apache.http.wire -  << "server: Fly/fe06e9419 (2023-05-24)[\r][\n]"
10:14:57.882 [main] DEBUG org.apache.http.wire -  << "via: 1.1 fly.io[\r][\n]"
10:14:57.882 [main] DEBUG org.apache.http.wire -  << "fly-request-id: 01H1QWTBP34HYGR99EWZGV105A-sin[\r][\n]"
10:14:57.882 [main] DEBUG org.apache.http.wire -  << "[\r][\n]"
10:14:57.882 [main] DEBUG org.apache.http.impl.conn.DefaultClientConnection - Receiving response: HTTP/1.1 404 Not Found
10:14:57.882 [main] DEBUG org.apache.http.headers - << HTTP/1.1 404 Not Found
10:14:57.882 [main] DEBUG org.apache.http.headers - << content-type: application/json
10:14:57.882 [main] DEBUG org.apache.http.headers - << date: Wed, 31 May 2023 03:14:57 GMT
10:14:57.882 [main] DEBUG org.apache.http.headers - << content-encoding: gzip
10:14:57.882 [main] DEBUG org.apache.http.headers - << transfer-encoding: chunked
10:14:57.882 [main] DEBUG org.apache.http.headers - << server: Fly/fe06e9419 (2023-05-24)
10:14:57.882 [main] DEBUG org.apache.http.headers - << via: 1.1 fly.io
10:14:57.882 [main] DEBUG org.apache.http.headers - << fly-request-id: 01H1QWTBP34HYGR99EWZGV105A-sin
10:14:57.882 [main] DEBUG org.apache.http.impl.client.DefaultHttpClient - Connection can be kept alive indefinitely
10:14:57.882 [main] DEBUG io.restassured.internal.RestAssuredHttpBuilder - Parsing response as: application/json
10:14:57.882 [main] DEBUG org.apache.http.wire -  << "31[\r][\n]"
10:14:57.882 [main] DEBUG org.apache.http.wire -  << "[0x1f][0x8b][0x8][0x0][0x0][0x0][0x0][0x0][0x4][0xff][0xab]VJ-*[0xca]/R[0xb2]R*JM[0xce]/JQ[0xc8][0xcb]/QH[0xcb]/[0xcd]KQ[0xaa][0xe5][0x2][0x0]6`[0x14][0x2][0x1d][0x0][0x0][0x0]"
10:14:57.882 [main] DEBUG org.apache.http.wire -  << "[\r][\n]"
10:14:57.882 [main] DEBUG org.apache.http.wire -  << "0[\r][\n]"
10:14:57.882 [main] DEBUG org.apache.http.wire -  << "[\r][\n]"
10:14:57.882 [main] DEBUG io.restassured.internal.RestAssuredHttpBuilder - Parsed data to instance of: class org.apache.http.conn.EofSensorInputStream
10:14:57.885 [main] DEBUG org.apache.http.impl.conn.BasicClientConnectionManager - Releasing connection org.apache.http.impl.conn.ManagedClientConnectionImpl@2ba08f26
10:14:57.885 [main] DEBUG org.apache.http.impl.conn.BasicClientConnectionManager - Connection can be kept alive indefinitely
10:14:57.885 [main] DEBUG net.thucydides.core.steps.StepInterceptor - STEP DONE: I send GET category HTTP request
  &amp#27;[32mWhen &amp#27;[0m&amp#27;[32mI send GET category HTTP request&amp#27;[0m                                   &amp#27;[90m# starter.stepdefinition.User_Category_steps.sendGetCategoryHttpRequest()&amp#27;[0m
10:14:57.893 [main] DEBUG net.thucydides.core.steps.StepInterceptor - STARTING STEP: User_produuct_steps.reciveValidHttpResponse - I receive valid HTTP response code 200
  &amp#27;[31mThen &amp#27;[0m&amp#27;[31mI receive valid HTTP response code 200&amp#27;[0m                             &amp#27;[90m# starter.stepdefinition.User_produuct_steps.reciveValidHttpResponse()&amp#27;[0m
      &amp#27;[31mjava.lang.AssertionError: 1 expectation failed.
Expected status code <200> but was <404>.

	at java.base/jdk.internal.reflect.DirectConstructorHandleAccessor.newInstance(DirectConstructorHandleAccessor.java:67)
	at java.base/java.lang.reflect.Constructor.newInstanceWithCaller(Constructor.java:499)
	at java.base/java.lang.reflect.Constructor.newInstance(Constructor.java:483)
	at org.codehaus.groovy.reflection.CachedConstructor.invoke(CachedConstructor.java:73)
	at org.codehaus.groovy.runtime.callsite.ConstructorSite$ConstructorSiteNoUnwrapNoCoerce.callConstructor(ConstructorSite.java:108)
	at org.codehaus.groovy.runtime.callsite.AbstractCallSite.callConstructor(AbstractCallSite.java:277)
	at io.restassured.internal.ResponseSpecificationImpl$HamcrestAssertionClosure.validate(ResponseSpecificationImpl.groovy:512)
	at io.restassured.internal.ResponseSpecificationImpl$HamcrestAssertionClosure$validate$1.call(Unknown Source)
	at io.restassured.internal.ResponseSpecificationImpl.validateResponseIfRequired(ResponseSpecificationImpl.groovy:696)
	at io.restassured.internal.ResponseSpecificationImpl.this$2$validateResponseIfRequired(ResponseSpecificationImpl.groovy)
	at java.base/jdk.internal.reflect.DirectMethodHandleAccessor.invoke(DirectMethodHandleAccessor.java:104)
	at java.base/java.lang.reflect.Method.invoke(Method.java:577)
	at org.codehaus.groovy.runtime.callsite.PlainObjectMetaMethodSite.doInvoke(PlainObjectMetaMethodSite.java:43)
	at org.codehaus.groovy.runtime.callsite.PogoMetaMethodSite$PogoCachedMethodSiteNoUnwrapNoCoerce.invoke(PogoMetaMethodSite.java:198)
	at org.codehaus.groovy.runtime.callsite.PogoMetaMethodSite.callCurrent(PogoMetaMethodSite.java:62)
	at org.codehaus.groovy.runtime.callsite.AbstractCallSite.callCurrent(AbstractCallSite.java:185)
	at io.restassured.internal.ResponseSpecificationImpl.statusCode(ResponseSpecificationImpl.groovy:135)
	at io.restassured.specification.ResponseSpecification$statusCode$0.callCurrent(Unknown Source)
	at io.restassured.internal.ResponseSpecificationImpl.statusCode(ResponseSpecificationImpl.groovy:143)
	at io.restassured.internal.ValidatableResponseOptionsImpl.statusCode(ValidatableResponseOptionsImpl.java:89)
	at minpro@1.0-SNAPSHOT/starter.user.GET_Product.lambda$validateHttpResponse200$0(GET_Product.java:27)
	at net.serenitybdd.rest.SerenityRest.restAssuredThat(SerenityRest.java:626)
	at minpro@1.0-SNAPSHOT/starter.user.GET_Product.validateHttpResponse200(GET_Product.java:27)
	at minpro@1.0-SNAPSHOT/starter.user.GET_Product$ByteBuddy$naOwCAdj.validateHttpResponse200$accessor$fxlzGP74(Unknown Source)
	at java.base/jdk.internal.reflect.DirectMethodHandleAccessor.invoke(DirectMethodHandleAccessor.java:104)
	at java.base/java.lang.reflect.Method.invoke(Method.java:577)
	at net.thucydides.core.steps.StepInterceptor.invokeMethod(StepInterceptor.java:518)
	at net.thucydides.core.steps.StepInterceptor.executeTestStepMethod(StepInterceptor.java:498)
	at net.thucydides.core.steps.StepInterceptor.runTestStep(StepInterceptor.java:472)
	at net.thucydides.core.steps.StepInterceptor.runOrSkipMethod(StepInterceptor.java:211)
	at net.thucydides.core.steps.StepInterceptor.testStepResult(StepInterceptor.java:198)
	at net.thucydides.core.steps.StepInterceptor.intercept(StepInterceptor.java:86)
	at net.thucydides.core.steps.ProxyConfiguration$InterceptorDispatcher.intercept(ProxyConfiguration.java:51)
	at minpro@1.0-SNAPSHOT/starter.user.GET_Product$ByteBuddy$naOwCAdj.validateHttpResponse200(Unknown Source)
	at minpro@1.0-SNAPSHOT/starter.stepdefinition.User_produuct_steps.reciveValidHttpResponse(User_produuct_steps.java:37)
	at ✽.I receive valid HTTP response code 200(file:///C:/Users/Dimas%20Rizqi%20Suryana/Mini_Project2/src/test/resources/features/User_Category.feature:22)
&amp#27;[0m
10:14:57.907 [main] ERROR  - 
  _____   ___   ___   _____     ___     _     ___   _      ___   ___  
 |_   _| | __| / __| |_   _|   | __|   /_\   |_ _| | |    | __| |   \ 
   | |   | _|  \__ \   | |     | _|   / _ \   | |  | |__  | _|  | |) |
   |_|   |___| |___/   |_|     |_|   /_/ \_\ |___| |____| |___| |___/ 

GET - As an admin I have be able to see posts category number 1
-----------------------------------------------------------------------
10:14:57.907 [main] DEBUG  - RELATED ISSUES: 
10:14:57.907 [main] ERROR  -     Test failed at step: I receive valid HTTP response code 200
10:14:57.907 [main] ERROR  -     1 expectation failed.Expected status code <200> but was <404>.
]]></system-out>
  </testcase>
  <testcase name="GET - As an admin I shouldn&apos;t be able to see posts with invalid url" classname="Posts #1" time="0.158">
    <system-out><![CDATA[10:14:57.918 [Finalizer] DEBUG org.apache.http.impl.conn.DefaultClientConnection - Connection 0.0.0.0:56479<->149.248.193.56:443 closed

Scenario: GET - As an admin I shouldn't be able to see posts with invalid url &amp#27;[90m# src/test/resources/features/User_Category.feature:25&amp#27;[0m
10:14:57.925 [main] DEBUG io.cucumber.core.plugin.SerenityReporter - Running feature from file:///C:/Users/Dimas%20Rizqi%20Suryana/Mini_Project2/src/test/resources/features/User_Category.feature
10:14:57.930 [main] INFO  - 
  _____   ___   ___   _____     ___   _____     _     ___   _____   ___   ___  
 |_   _| | __| / __| |_   _|   / __| |_   _|   /_\   | _ \ |_   _| | __| |   \ 
   | |   | _|  \__ \   | |     \__ \   | |    / _ \  |   /   | |   | _|  | |) |
   |_|   |___| |___/   |_|     |___/   |_|   /_/ \_\ |_|_\   |_|   |___| |___/ 

GET - As an admin I shouldn't be able to see posts with invalid url(posts;get---as-an-admin-i-shouldn-t-be-able-to-see-posts-with-invalid-url)
--------------------------------------------------------------------------------
10:14:57.951 [Finalizer] DEBUG org.apache.http.impl.conn.DefaultClientConnection - Connection 0.0.0.0:56477<->149.248.193.56:443 closed
10:14:57.966 [main] DEBUG net.thucydides.core.steps.StepInterceptor - STARTING STEP: User_Category_steps.setInvalidGetCategoryApiEndpoints - I set typo GET category api endpoints
10:14:57.966 [main] DEBUG net.thucydides.core.steps.StepInterceptor - STEP DONE: I set typo GET category api endpoints
  &amp#27;[32mGiven &amp#27;[0m&amp#27;[32mI set typo GET category api endpoints&amp#27;[0m                                 &amp#27;[90m# starter.stepdefinition.User_Category_steps.setInvalidGetCategoryApiEndpoints()&amp#27;[0m
10:14:57.975 [main] DEBUG net.thucydides.core.steps.StepInterceptor - STARTING STEP: User_produuct_steps.sendTypoGetHttpRequest - I send typo GET HTTP request
10:14:57.977 [main] DEBUG net.thucydides.core.steps.StepInterceptor - STARTING STEP: GET_Product.sendGetHttpRequest2 - I set typo GET api endpoints
10:14:57.977 [main] DEBUG net.thucydides.core.steps.StepInterceptor - STEP DONE: I set typo GET api endpoints
10:14:57.988 [main] DEBUG org.apache.http.impl.conn.BasicClientConnectionManager - Get connection for route {s}->https://altashop-api.fly.dev:443
10:14:57.989 [main] DEBUG org.apache.http.impl.conn.DefaultClientConnectionOperator - Connecting to altashop-api.fly.dev:443
10:14:58.043 [main] DEBUG org.apache.http.client.protocol.RequestAddCookies - CookieSpec selected: ignoreCookies
10:14:58.043 [main] DEBUG org.apache.http.client.protocol.RequestAuthCache - Auth cache not set in the context
10:14:58.043 [main] DEBUG org.apache.http.client.protocol.RequestTargetAuthentication - Target auth state: UNCHALLENGED
10:14:58.043 [main] DEBUG org.apache.http.client.protocol.RequestProxyAuthentication - Proxy auth state: UNCHALLENGED
10:14:58.043 [main] DEBUG org.apache.http.impl.client.DefaultHttpClient - Attempt 1 to execute request
10:14:58.043 [main] DEBUG org.apache.http.impl.conn.DefaultClientConnection - Sending request: GET /api/product HTTP/1.1
10:14:58.043 [main] DEBUG org.apache.http.wire -  >> "GET /api/product HTTP/1.1[\r][\n]"
10:14:58.044 [main] DEBUG org.apache.http.wire -  >> "Accept: */*[\r][\n]"
10:14:58.044 [main] DEBUG org.apache.http.wire -  >> "Host: altashop-api.fly.dev[\r][\n]"
10:14:58.044 [main] DEBUG org.apache.http.wire -  >> "Connection: Keep-Alive[\r][\n]"
10:14:58.044 [main] DEBUG org.apache.http.wire -  >> "User-Agent: Apache-HttpClient/4.5.13 (Java/18.0.2.1)[\r][\n]"
10:14:58.044 [main] DEBUG org.apache.http.wire -  >> "Accept-Encoding: gzip,deflate[\r][\n]"
10:14:58.044 [main] DEBUG org.apache.http.wire -  >> "[\r][\n]"
10:14:58.044 [main] DEBUG org.apache.http.headers - >> GET /api/product HTTP/1.1
10:14:58.044 [main] DEBUG org.apache.http.headers - >> Accept: */*
10:14:58.044 [main] DEBUG org.apache.http.headers - >> Host: altashop-api.fly.dev
10:14:58.044 [main] DEBUG org.apache.http.headers - >> Connection: Keep-Alive
10:14:58.044 [main] DEBUG org.apache.http.headers - >> User-Agent: Apache-HttpClient/4.5.13 (Java/18.0.2.1)
10:14:58.044 [main] DEBUG org.apache.http.headers - >> Accept-Encoding: gzip,deflate
10:14:58.065 [main] DEBUG org.apache.http.wire -  << "HTTP/1.1 404 Not Found[\r][\n]"
10:14:58.065 [main] DEBUG org.apache.http.wire -  << "date: Wed, 31 May 2023 03:14:58 GMT[\r][\n]"
10:14:58.065 [main] DEBUG org.apache.http.wire -  << "content-encoding: gzip[\r][\n]"
10:14:58.065 [main] DEBUG org.apache.http.wire -  << "content-type: text/plain; charset=utf-8[\r][\n]"
10:14:58.065 [main] DEBUG org.apache.http.wire -  << "transfer-encoding: chunked[\r][\n]"
10:14:58.065 [main] DEBUG org.apache.http.wire -  << "server: Fly/fe06e9419 (2023-05-24)[\r][\n]"
10:14:58.065 [main] DEBUG org.apache.http.wire -  << "via: 1.1 fly.io[\r][\n]"
10:14:58.065 [main] DEBUG org.apache.http.wire -  << "fly-request-id: 01H1QWTBW580214SJ5ESJTTTWQ-sin[\r][\n]"
10:14:58.065 [main] DEBUG org.apache.http.wire -  << "[\r][\n]"
10:14:58.065 [main] DEBUG org.apache.http.impl.conn.DefaultClientConnection - Receiving response: HTTP/1.1 404 Not Found
10:14:58.065 [main] DEBUG org.apache.http.headers - << HTTP/1.1 404 Not Found
10:14:58.065 [main] DEBUG org.apache.http.headers - << date: Wed, 31 May 2023 03:14:58 GMT
10:14:58.065 [main] DEBUG org.apache.http.headers - << content-encoding: gzip
10:14:58.065 [main] DEBUG org.apache.http.headers - << content-type: text/plain; charset=utf-8
10:14:58.065 [main] DEBUG org.apache.http.headers - << transfer-encoding: chunked
10:14:58.065 [main] DEBUG org.apache.http.headers - << server: Fly/fe06e9419 (2023-05-24)
10:14:58.065 [main] DEBUG org.apache.http.headers - << via: 1.1 fly.io
10:14:58.065 [main] DEBUG org.apache.http.headers - << fly-request-id: 01H1QWTBW580214SJ5ESJTTTWQ-sin
10:14:58.065 [main] DEBUG org.apache.http.impl.client.DefaultHttpClient - Connection can be kept alive indefinitely
10:14:58.066 [main] DEBUG io.restassured.internal.RestAssuredHttpBuilder - Parsing response as: text/plain; charset=utf-8
10:14:58.066 [main] DEBUG org.apache.http.wire -  << "1E[\r][\n]"
10:14:58.066 [main] DEBUG org.apache.http.wire -  << "[0x1f][0x8b][0x8][0x0][0x0][0x0][0x0][0x0][0x4][0xff][0xcb][0xcb]/QH[0xcb]/[0xcd]K[0xe1][0x2][0x0][0xd4]I[0xfa]r[\n]"
10:14:58.066 [main] DEBUG org.apache.http.wire -  << "[0x0][0x0][0x0]"
10:14:58.066 [main] DEBUG org.apache.http.wire -  << "[\r][\n]"
10:14:58.066 [main] DEBUG org.apache.http.wire -  << "0[\r][\n]"
10:14:58.066 [main] DEBUG org.apache.http.wire -  << "[\r][\n]"
10:14:58.066 [main] DEBUG io.restassured.internal.RestAssuredHttpBuilder - Parsed data to instance of: class org.apache.http.conn.EofSensorInputStream
10:14:58.067 [main] DEBUG org.apache.http.impl.conn.BasicClientConnectionManager - Releasing connection org.apache.http.impl.conn.ManagedClientConnectionImpl@7676b2b9
10:14:58.067 [main] DEBUG org.apache.http.impl.conn.BasicClientConnectionManager - Connection can be kept alive indefinitely
10:14:58.067 [main] DEBUG net.thucydides.core.steps.StepInterceptor - STEP DONE: I send typo GET HTTP request
  &amp#27;[32mWhen &amp#27;[0m&amp#27;[32mI send typo GET HTTP request&amp#27;[0m                                           &amp#27;[90m# starter.stepdefinition.User_produuct_steps.sendTypoGetHttpRequest()&amp#27;[0m
10:14:58.070 [main] DEBUG net.thucydides.core.steps.StepInterceptor - STARTING STEP: User_produuct_steps.reciveInvalidHttpResponse - I receive invalid HTTP response code 404 Not Found
10:14:58.071 [main] DEBUG net.thucydides.core.steps.StepInterceptor - STEP DONE: I receive invalid HTTP response code 404 Not Found
  &amp#27;[32mThen &amp#27;[0m&amp#27;[32mI receive invalid HTTP response code 404 Not Found&amp#27;[0m                     &amp#27;[90m# starter.stepdefinition.User_produuct_steps.reciveInvalidHttpResponse()&amp#27;[0m
10:14:58.074 [main] DEBUG net.thucydides.core.steps.StepInterceptor - STARTING STEP: User_produuct_steps.reciveNothing - I receive nothing from the page
10:14:58.074 [main] DEBUG net.thucydides.core.steps.StepInterceptor - STEP DONE: I receive nothing from the page
  &amp#27;[32mAnd &amp#27;[0m&amp#27;[32mI receive nothing from the page&amp#27;[0m                                         &amp#27;[90m# starter.stepdefinition.User_produuct_steps.reciveNothing()&amp#27;[0m
10:14:58.075 [main] INFO  - 
  _____   ___   ___   _____     ___     _     ___   ___   ___   ___  
 |_   _| | __| / __| |_   _|   | _ \   /_\   / __| / __| | __| |   \ 
   | |   | _|  \__ \   | |     |  _/  / _ \  \__ \ \__ \ | _|  | |) |
   |_|   |___| |___/   |_|     |_|   /_/ \_\ |___/ |___/ |___| |___/ 

GET - As an admin I shouldn't be able to see posts with invalid url
----------------------------------------------------------------------
]]></system-out>
  </testcase>
  <testcase name="GET - As an admin I have be able to see posts all category number 1" classname="Posts #1" time="0.143">
    <system-out><![CDATA[
Scenario: GET - As an admin I have be able to see posts all category number 1 &amp#27;[90m# src/test/resources/features/User_Category.feature:31&amp#27;[0m
10:14:58.087 [main] DEBUG io.cucumber.core.plugin.SerenityReporter - Running feature from file:///C:/Users/Dimas%20Rizqi%20Suryana/Mini_Project2/src/test/resources/features/User_Category.feature
10:14:58.088 [main] INFO  - 
  _____   ___   ___   _____     ___   _____     _     ___   _____   ___   ___  
 |_   _| | __| / __| |_   _|   / __| |_   _|   /_\   | _ \ |_   _| | __| |   \ 
   | |   | _|  \__ \   | |     \__ \   | |    / _ \  |   /   | |   | _|  | |) |
   |_|   |___| |___/   |_|     |___/   |_|   /_/ \_\ |_|_\   |_|   |___| |___/ 

GET - As an admin I have be able to see posts all category number 1(posts;get---as-an-admin-i-have-be-able-to-see-posts-all-category-number-1)
--------------------------------------------------------------------------------
10:14:58.108 [main] DEBUG net.thucydides.core.steps.StepInterceptor - STARTING STEP: User_Category_steps.setGetAllCategoryApiEndpoints - I set GET all category api endpoints
10:14:58.108 [main] DEBUG net.thucydides.core.steps.StepInterceptor - STEP DONE: I set GET all category api endpoints
  &amp#27;[32mGiven &amp#27;[0m&amp#27;[32mI set GET all category api endpoints&amp#27;[0m                                  &amp#27;[90m# starter.stepdefinition.User_Category_steps.setGetAllCategoryApiEndpoints()&amp#27;[0m
10:14:58.114 [main] DEBUG net.thucydides.core.steps.StepInterceptor - STARTING STEP: User_Category_steps.sendGetAllCategoryHttpRequest - I send GET category HTTP request
10:14:58.115 [main] DEBUG net.thucydides.core.steps.StepInterceptor - STARTING STEP: GET_CategoryAll.sendGetAllCategoryHttpRequest - I set GET all category api endpoints
10:14:58.115 [main] DEBUG net.thucydides.core.steps.StepInterceptor - STEP DONE: I set GET all category api endpoints
10:14:58.124 [main] DEBUG org.apache.http.impl.conn.BasicClientConnectionManager - Get connection for route {s}->https://altashop-api.fly.dev:443
10:14:58.125 [main] DEBUG org.apache.http.impl.conn.DefaultClientConnectionOperator - Connecting to altashop-api.fly.dev:443
10:14:58.169 [main] DEBUG org.apache.http.client.protocol.RequestAddCookies - CookieSpec selected: ignoreCookies
10:14:58.169 [main] DEBUG org.apache.http.client.protocol.RequestAuthCache - Auth cache not set in the context
10:14:58.169 [main] DEBUG org.apache.http.client.protocol.RequestTargetAuthentication - Target auth state: UNCHALLENGED
10:14:58.169 [main] DEBUG org.apache.http.client.protocol.RequestProxyAuthentication - Proxy auth state: UNCHALLENGED
10:14:58.169 [main] DEBUG org.apache.http.impl.client.DefaultHttpClient - Attempt 1 to execute request
10:14:58.169 [main] DEBUG org.apache.http.impl.conn.DefaultClientConnection - Sending request: GET /api/categories HTTP/1.1
10:14:58.169 [main] DEBUG org.apache.http.wire -  >> "GET /api/categories HTTP/1.1[\r][\n]"
10:14:58.169 [main] DEBUG org.apache.http.wire -  >> "Accept: */*[\r][\n]"
10:14:58.169 [main] DEBUG org.apache.http.wire -  >> "Host: altashop-api.fly.dev[\r][\n]"
10:14:58.169 [main] DEBUG org.apache.http.wire -  >> "Connection: Keep-Alive[\r][\n]"
10:14:58.169 [main] DEBUG org.apache.http.wire -  >> "User-Agent: Apache-HttpClient/4.5.13 (Java/18.0.2.1)[\r][\n]"
10:14:58.169 [main] DEBUG org.apache.http.wire -  >> "Accept-Encoding: gzip,deflate[\r][\n]"
10:14:58.169 [main] DEBUG org.apache.http.wire -  >> "[\r][\n]"
10:14:58.170 [main] DEBUG org.apache.http.headers - >> GET /api/categories HTTP/1.1
10:14:58.170 [main] DEBUG org.apache.http.headers - >> Accept: */*
10:14:58.170 [main] DEBUG org.apache.http.headers - >> Host: altashop-api.fly.dev
10:14:58.170 [main] DEBUG org.apache.http.headers - >> Connection: Keep-Alive
10:14:58.170 [main] DEBUG org.apache.http.headers - >> User-Agent: Apache-HttpClient/4.5.13 (Java/18.0.2.1)
10:14:58.170 [main] DEBUG org.apache.http.headers - >> Accept-Encoding: gzip,deflate
10:14:58.190 [main] DEBUG org.apache.http.wire -  << "HTTP/1.1 200 OK[\r][\n]"
10:14:58.191 [main] DEBUG org.apache.http.wire -  << "content-type: application/json[\r][\n]"
10:14:58.191 [main] DEBUG org.apache.http.wire -  << "date: Wed, 31 May 2023 03:14:58 GMT[\r][\n]"
10:14:58.191 [main] DEBUG org.apache.http.wire -  << "transfer-encoding: chunked[\r][\n]"
10:14:58.191 [main] DEBUG org.apache.http.wire -  << "content-encoding: gzip[\r][\n]"
10:14:58.191 [main] DEBUG org.apache.http.wire -  << "server: Fly/fe06e9419 (2023-05-24)[\r][\n]"
10:14:58.191 [main] DEBUG org.apache.http.wire -  << "via: 1.1 fly.io[\r][\n]"
10:14:58.191 [main] DEBUG org.apache.http.wire -  << "fly-request-id: 01H1QWTC01QKN1HEFWVRVXTGVP-sin[\r][\n]"
10:14:58.191 [main] DEBUG org.apache.http.wire -  << "[\r][\n]"
10:14:58.191 [main] DEBUG org.apache.http.impl.conn.DefaultClientConnection - Receiving response: HTTP/1.1 200 OK
10:14:58.191 [main] DEBUG org.apache.http.headers - << HTTP/1.1 200 OK
10:14:58.191 [main] DEBUG org.apache.http.headers - << content-type: application/json
10:14:58.191 [main] DEBUG org.apache.http.headers - << date: Wed, 31 May 2023 03:14:58 GMT
10:14:58.191 [main] DEBUG org.apache.http.headers - << transfer-encoding: chunked
10:14:58.191 [main] DEBUG org.apache.http.headers - << content-encoding: gzip
10:14:58.191 [main] DEBUG org.apache.http.headers - << server: Fly/fe06e9419 (2023-05-24)
10:14:58.191 [main] DEBUG org.apache.http.headers - << via: 1.1 fly.io
10:14:58.191 [main] DEBUG org.apache.http.headers - << fly-request-id: 01H1QWTC01QKN1HEFWVRVXTGVP-sin
10:14:58.191 [main] DEBUG org.apache.http.impl.client.DefaultHttpClient - Connection can be kept alive indefinitely
10:14:58.191 [main] DEBUG io.restassured.internal.RestAssuredHttpBuilder - Parsing response as: application/json
10:14:58.191 [main] DEBUG org.apache.http.wire -  << "13C[\r][\n]"
10:14:58.191 [main] DEBUG org.apache.http.wire -  << "[0x1f][0x8b][0x8][0x0][0x0][0x0][0x0][0x0][0x4][0xff][0xaa]VJI,IT[0xb2][0x8a][0xae]V[0xf2]tQ[0xb2]2[0xb2]467[0xd1]Q[0xf2]K[0xcc]MU[0xb2]RrO[0xcc][0xcd][0xcc]KW[0xd2]QrI-N.[0xca],([0xc9][0xcc][0xcf]S[0xb2]Rr[0xcb]/RH[0x7]K)[0x14][0x94][0x16][0x15][0xe4][0x17][0xa7][0x16]+[0xd5][0xea] [0xc]0[0xa5][0xd4][0x0]sJ[\r][0xb0][0xa0][0xd4][0x0]K[\n]"
10:14:58.191 [main] DEBUG org.apache.http.wire -  << "[\r][0xb0]0[0xa0][0xd4][0x0]C[0xb8][0x1][0x90][0xa0][0xc6][0x88][0x85]4[0xfc][0xb1]`aD[0xc8][0x0][0xe4]8[0xb3]0[0x83][0xab]&/[0xd2]-[0x10]qF[0xa6]{[0x11]q[0x86][0xc3][0x0]d[0xf7]Z[0x12][0xf4][0x1d][0x81][0xe0][0xb1]4[0x86]{[0x98][0x18][0xeb][0x10][0xbe]#/x,[0x11][0xbe]#[0xd3][0x0][\n]"
10:14:58.191 [main] DEBUG org.apache.http.wire -  << "S[0xa4][0x89][0x1][0x85])[0xd2][0xc4][0x0][0x91]"qx[0x1])[0x82]L[0xc][0x10][0xe1][0x8b]C5[0xfe]R[0xc4][0xc4][0x80]`1[0x84]b[0x1d][0x85][0xe9][0xd7][0xc4][0x80][0xc2][0x18]61[0xa0]0[0x86]M[0xc][0x8][0xc6]0[0xb2][0x87][\r][0x9][0xc6][0x6][0x81][0xf0]5D[0xe4] [0xf2]"[0xc8][0x90][0xd2][0x18]6D[0xc4]0[0x8e],[0x88]?[0xf][0x9b][0x18]RX[0xd1][0x98][0x18]R[0x9a]j[0xc][0x11][0xa9][0x86]L/[0x10][0x8c]t[0x2][0xd1]hDi[0xb6]6[0xa2]4![0x19]Q[0x9a][0x90][0x8c][0x8]&$[0xe4][0x84]o[0x84][0x88]t[0xf2][0x82][0xdc][0x8][0x11][0xe9]d[0x1a]@i[0xa4][0x1b]QZT[0x18]!R[\r]y^0[0xa6]0[0xd5][0x0][0x0][0x0][0x0][0xff][0xff]"
10:14:58.191 [main] DEBUG org.apache.http.wire -  << "[\r][\n]"
10:14:58.192 [main] DEBUG org.apache.http.wire -  << "51F[\r][\n]"
10:14:58.192 [main] DEBUG org.apache.http.wire -  << "21F[0xa4][0x1a]2][0x80]H5d[0x1a][0x80]H58[0xc]@N5[0xc6][0x94][0xc6][0x99]1"[0xce][0x88][0xb0][0xce][0x4][0xe1];[0xf2][\n]"
10:14:58.192 [main] DEBUG org.apache.http.wire -  << "W[0x13][0x82][0xbe]#P6[0x9a] [\n]"
10:14:58.192 [main] DEBUG org.apache.http.wire -  << "W2][0x80][0xc8]g8[0xc]@[0xe]_[0x13]D[0xf8][0xe2]PM[0xa0][0x1c]3![0x18][0xbe][0x84]<[0x8c][0xc8][0x13][0xe4][0xb9][0xc0][0x14][0x91]'p[0xc4]0[0x1][0x17][0x98]"[0xf2][0x4][0x92]J##[0x8c][0x96]{ANb[0xa5]BFb[0xb1]B^[0xbe]BNfnf[0x9]r[0xf7][0xc9][0xc4][0x94][0xd2][0xb4]cJi[0xda]1[0xa5]4[0xed][0x98]"[0xd2][0xe][0x99]A[0x89]([0xa3][0xc9][0x8c]LDz$[0xd3][0x5][0x88][0xf4]H[0xa6][0xb](M[0x8f]f[0x94][0xa6]G3Dz$/[0xc][0xcc][0x10])[0x11][0x87][0x1][0xc8]E[0x80][0x19]"[0xce]p[0xa8]F[0xca][0x15]X[0xc6][\r]L[0xcc]([\r]r3D[0x90][0x93][0xe7][0x2]sJ[0x83][0xdc][0x1c][0x11][0xe4][0xee][0xa9]y[\n]"
10:14:58.192 [main] DEBUG org.apache.http.wire -  << "Q[0x18]Y?9[0xb1]D[0x1]"[0x83][0x18]011'[0x18][0xce][0x4]B[0xce][0x9c][0xd2][0x1c][0x8f]4[0xe6][0xe3][0x97]Z[0xae][0x10]P[0x94][0x9f]R[0x9a]\[0x82][0xe1]z[0xfc][0x5][0x97]9"[0xd7][0x93][0x97]e[0xcc][0x11])[0x8][0x87][0x1][0xc8][0xe9][0xcd][0x1c][0x91]\(p3[0xa5]I[0x86][0xd2][0x81][0x1e][0x13][0xb][0xa4]$[0x3][0x1e]S[0xc3][0x8]udO[P[0x1a][0xd3][0x16][0x88][0xb2][0x9d][0xbc]<b[0x81][0x88]e2[\r]@[0xc4]2[0x99][0x6] [0xca]v[0x1c][0xc9][0x84]@[[0xc3][0x2][0x91]r[0xc8]t[0x1]"[0xd5][0x90][0xe7][0x2]KJ[0xb][0x1a]KD[0xaa]!?[0xf1]S:[0x88]fBx[0x10][0x8d]@[0xc1]eIij[0xb4]D[0xa4]F2c[0x82][0xd2][0xd4]h[0x89]H[0x8d]%[0xa9][0xc5]%[0x99]y[0xe9][\n]"
10:14:58.192 [main] DEBUG org.apache.http.wire -  << "[0x5]8[0x8a][0xcf][0x92][0x8c][0xcc]b[0x85][0xcc]b[0x85][0x92][0x8c]T[0x98][0x1a][0x85][0x14][0xa4][0x91]u[0xa4]*[0x1]i[0xbc][0x90][0x90][0xa9]H[0xc5][0x83])[0xd2] [0x1f]!m[0xc4];[0xc6][0xd4][0x80][0xc2][0xfa][0xc9][0x14]i0[0x90][0xac][0xc]g[0x8a]4[0x18][0x88][0xc3][0x0][0x94]P[0xa0]0[0x9b]"[\r][0xc5][0xe1][0xb0][0xe][0xba]65[0xa4]0[0x9b]R:[0xbc]g[0x8a]4[0xbc]Gv[0x1]a[0x8a]4[0xc4]G[0xc5][0xe4][0x84]4[0xee]G[0xc8]T[0xe4]XE[0x1a][0xac]#[0xa4][0x8d][0x84][0xb4]m[0x88]H+d[0x15] [0xa6][0x86][0x88][0xba][0x80][0xbc][0xb4][0x82]4[0x82][0x87][0xc3][0x0][0xe4]P0B[0x94][0x98][0xe4][0xb9][0x97][0xd2][0xf1]3S[0xa4][0xf1]3[0xe7][0xc4][0x92][0xd4][0xf4][0xfc][0xa2]J[0x5][0xc7][0xd2][0x9c][0xcc]D[0x8c][0x86]Kf^[0xa6]B2LI"X[0x9][0xa2][0x88]35B[0x14][0x9c][0x94][0x99][0x83][0x88]A[0xca][0xcc]AD$E[0xe6] [0x8d][0xad][0xe1][0x88]O[0x2][0x85][0x7][0xd2][0xd8]Z@jQr[0xa5]BxjbqNj%F[0xf8][0x6]%[0x96][0xa5][0xe6]%[0xe7]$[0x96]#'[0x10]cJ[0xb]kc[\n]"
10:14:58.192 [main] DEBUG org.apache.http.wire -  << "[0x9b][0x98][0xa6][0xc6][0x88]$Jf[0x0] *u2[\r][0xa0][0xb0]R7[0xa5]t[0xb8][0xd0][0x94][0xa4][0xe1]BS[0xa4][0xe1]B[0xf2]<Lx[0xb8][0x10]9[0x89] [\r][0xd6][0x5]g[0x16]e[0x96][0x16]+8[0xe5]$&gc[0xa4][0xaf][0x80][0xd2][0xec][0xf2][0xd2][0x94][0xf4][0xcc]T[0x14][0xcd][0x88][0xec][0xe6]S[0x9a][0x92][0xaf][0xe0][0x94][0x98][0x9e][0x9b][0x98][0x87][0xa1]7<1[0xb7][0xa0][0x14]y\[0xcb][0xd4][0x4][0x91][0xbf][0xdc][0x8b]2[0x8b]SsR[0x12][0x15]|[0x13][0x8b][0x92]3[0x92][0x12][0xf3][0xb2][0x8b]1[0xc]p/[0xaa]LK[0xcb][0xcc]K[0xc9]/B[0xb6][0x1d]i[0x90][0xce];[0xb1]$3U[0xc1])5'[0x7]C/[0xa6][0xe5]Hcs>[0xa5]y[0x89][\n]"
10:14:58.192 [main] DEBUG org.apache.http.wire -  << ">[0xf9]e[0xa9][0xe9][0xf9][0xf9])[0x18]Z=J[0xd3][0xd2]rR[0xb]J[0xd3][0xd2]P[0xac]Ed*[0xd7][0xa2][0xa2]|L[0x1b][0xb1]fE[0xa4][0x81]8[0xf7][0xa2][0xc4][0xf2][0x2][0xc][0xcb]p[0xf8][0x11][0x91]p[0x14][0xf1][0xd0][0xfa][0xf][0xc5][0x85][0x88]<[0x13][0x90]Z[0x94]Y[0x90][0x91]Z[0x94][0x98][0xa3][0x80]C[0xbf]o~iq[0xaa][0x8e][0x82]wjeR~bQ[0x8a][0x8e][0x82]GjbJAF~^[0xaa][0x82]k[0x88]3[0x8a][0xb1][0x88][0x9c]DUc[0x11]e?U[0x8d]E[0xa4]M[0xc7][0xec][0xa4][0xc4]"[0x85][0xa0][0xcc][0xaa][0xec]J[0x5][0xb7][0xc4][0x8c][0xa2][0xd2][0xa2][0xfc]*[0xcc][0x12]4[0x17]TE[0x15][0x14][0xe5]g[0xa5]&[0x97][0xa0]x[0x1b][0x91]V[0xc9][0xcb][0x90]H[0x83]w8[0xe2][0x0][0x1f][0xd5][0x14]i[0xf0][0xe][0x87][0x1][0xc8][0xee]5C[0x94][0xd9]8T[0x13][0xb2][0x8e]`[0x9a]C[0xb1][0xe][0x91]*[0xc8][0xc][0x1e]D[0xfc];&'[0xa7][0x16][0x17][0xe7][0x17]e[0xa6]b[0x96][0x1]%[0xf9][\n]"
10:14:58.192 [main] DEBUG org.apache.http.wire -  << "[0xa9]y[0x19][0x89]y[0xc9][0xa9][\n]"
10:14:58.192 [main] DEBUG org.apache.http.wire -  << "[0x89][0x5][0x5][0xa9][0x89]E &[0x8a]C[0x10][0x11][0xee]QY[0x90][0x97][0x8f][0x91][0xc3]|[0xf3]s@[0x9d][0xb2][0xc4]T[0x85]D[0x85][0xc4][0xe2][0x82][0xd4][0xa2][0xbc][0xc4][0x92][0xd2]"[0x85][0xb2][0xfc][0x9c][0xd2][0x82][0x92][0xc4][0x92][0xcc][0xa4][0xd2]b[0x5]P"[0xc8]MTH,-Q(,M,[0xce]TH,..[0xcd]M[0xcd]KI[0xd4]C[0xb1][0xb][0x91]&[0xc2]R[0xf3][0xf2]s[0xf3]K20[0xac][0xb],[0xcd]TH-K[0xcd][0xcb]L-A[0xb5][0x3]faj.[0x8a][0x99]H[0x3][0x8e][0x1][0x99][0xd9][0x89][0xc9][0x19][0xa5][0x18]F[0xfa]&f[0xe6][0x17][0xa5][0x16]+[0xa4][0x96][0xc0][0x1c]Z[0x9c]ZX[0x9a][0xa9][0x90]Y[0x92]XX[0x9a][0xaa]P[0x9c]Y[0x82]j"b`[0x0]{[0x88][0x4][0x96][0xe6]+[0x94][0xa5][0xe6]([0xe4]$&[0xe5][0x17][0x95][0xe6]*[0x14][0x96]f[0xa6][0xa4][0xe6]B[0x8d]C5[\n]"
10:14:58.192 [main] DEBUG org.apache.http.wire -  << "Q[0xe8][0x5][0xa4][0x16][0x15]gb)[0xe5]]K[0x14][\n]"
10:14:58.192 [main] DEBUG org.apache.http.wire -  << "R[0x8b][0x8a][0xb]2[0x93]3[0x13]K2[0x8b][0x15]@[0xa1][[0x8c]j[0x8]R[0xca]L[0xcd]O)MI[0xc5][0xf0][0xa1]crriqb^Ifi[0xae]Bb^fn[0xa6]BjEjQr&(~[0xf2][0xf3]Rs[0x15][0x12]s2[0x13][0x8b][0x15]r[0x13]+2sSQ[\r]'[0x98]j[0x9]${[0xc2]C[0x96][0xc8])[0xc0][0x1c][0x91]j[0xc9][0xcb]eHC[0x96]8[0xc]@[0xb6][0x8e][0xd2][0xa1]ES[0x92][0x86][0x16]M[0xc9][0x1c]Z[0x8c][0xad][0xe5][0x2][0x0][0x0][0x0][0xff][0xff]"
10:14:58.192 [main] DEBUG org.apache.http.wire -  << "[\r][\n]"
10:14:58.192 [main] DEBUG org.apache.http.wire -  << "A[\r][\n]"
10:14:58.192 [main] DEBUG org.apache.http.wire -  << "[0x3][0x0][0xad]e[0xb4][0x81]D([0x0][0x0]"
10:14:58.192 [main] DEBUG org.apache.http.wire -  << "[\r][\n]"
10:14:58.192 [main] DEBUG org.apache.http.wire -  << "0[\r][\n]"
10:14:58.192 [main] DEBUG org.apache.http.wire -  << "[\r][\n]"
10:14:58.192 [main] DEBUG io.restassured.internal.RestAssuredHttpBuilder - Parsed data to instance of: class org.apache.http.conn.EofSensorInputStream
10:14:58.194 [main] DEBUG org.apache.http.impl.conn.BasicClientConnectionManager - Releasing connection org.apache.http.impl.conn.ManagedClientConnectionImpl@7b1d2f65
10:14:58.194 [main] DEBUG org.apache.http.impl.conn.BasicClientConnectionManager - Connection can be kept alive indefinitely
10:14:58.208 [main] DEBUG net.thucydides.core.steps.StepInterceptor - STEP DONE: I send GET category HTTP request
  &amp#27;[32mWhen &amp#27;[0m&amp#27;[32mI send all category HTTP request&amp#27;[0m                                       &amp#27;[90m# starter.stepdefinition.User_Category_steps.sendGetAllCategoryHttpRequest()&amp#27;[0m
10:14:58.218 [main] DEBUG net.thucydides.core.steps.StepInterceptor - STARTING STEP: User_produuct_steps.reciveValidHttpResponse - I receive valid HTTP response code 200
10:14:58.218 [main] DEBUG net.thucydides.core.steps.StepInterceptor - STEP DONE: I receive valid HTTP response code 200
  &amp#27;[32mThen &amp#27;[0m&amp#27;[32mI receive valid HTTP response code 200&amp#27;[0m                                 &amp#27;[90m# starter.stepdefinition.User_produuct_steps.reciveValidHttpResponse()&amp#27;[0m
10:14:58.221 [main] INFO  - 
  _____   ___   ___   _____     ___     _     ___   ___   ___   ___  
 |_   _| | __| / __| |_   _|   | _ \   /_\   / __| / __| | __| |   \ 
   | |   | _|  \__ \   | |     |  _/  / _ \  \__ \ \__ \ | _|  | |) |
   |_|   |___| |___/   |_|     |_|   /_/ \_\ |___/ |___/ |___| |___/ 

GET - As an admin I have be able to see posts all category number 1
----------------------------------------------------------------------
]]></system-out>
  </testcase>
  <testcase name="GET - As an admin I shouldn&apos;t be able to see all  posts with invalid url" classname="Posts #1" time="0.133">
    <system-out><![CDATA[
Scenario: GET - As an admin I shouldn't be able to see all  posts with invalid url &amp#27;[90m# src/test/resources/features/User_Category.feature:37&amp#27;[0m
10:14:58.227 [main] DEBUG io.cucumber.core.plugin.SerenityReporter - Running feature from file:///C:/Users/Dimas%20Rizqi%20Suryana/Mini_Project2/src/test/resources/features/User_Category.feature
10:14:58.232 [Finalizer] DEBUG org.apache.http.impl.conn.DefaultClientConnection - Connection 0.0.0.0:56481<->149.248.193.56:443 closed
10:14:58.233 [Finalizer] DEBUG org.apache.http.impl.conn.DefaultClientConnection - Connection 0.0.0.0:56480<->149.248.193.56:443 closed
10:14:58.233 [main] INFO  - 
  _____   ___   ___   _____     ___   _____     _     ___   _____   ___   ___  
 |_   _| | __| / __| |_   _|   / __| |_   _|   /_\   | _ \ |_   _| | __| |   \ 
   | |   | _|  \__ \   | |     \__ \   | |    / _ \  |   /   | |   | _|  | |) |
   |_|   |___| |___/   |_|     |___/   |_|   /_/ \_\ |_|_\   |_|   |___| |___/ 

GET - As an admin I shouldn't be able to see all  posts with invalid url(posts;get---as-an-admin-i-shouldn-t-be-able-to-see-all--posts-with-invalid-url)
--------------------------------------------------------------------------------
10:14:58.244 [main] DEBUG net.thucydides.core.steps.StepInterceptor - STARTING STEP: User_Category_steps.setInvalidGetAllCategoryApiEndpoints - I set typo GET all category api endpoints
10:14:58.244 [main] DEBUG net.thucydides.core.steps.StepInterceptor - STEP DONE: I set typo GET all category api endpoints
  &amp#27;[32mGiven &amp#27;[0m&amp#27;[32mI set typo GET all category api endpoints&amp#27;[0m                                  &amp#27;[90m# starter.stepdefinition.User_Category_steps.setInvalidGetAllCategoryApiEndpoints()&amp#27;[0m
10:14:58.257 [main] DEBUG net.thucydides.core.steps.StepInterceptor - STARTING STEP: User_produuct_steps.sendTypoGetHttpRequest - I send typo GET HTTP request
10:14:58.258 [main] DEBUG net.thucydides.core.steps.StepInterceptor - STARTING STEP: GET_Product.sendGetHttpRequest2 - I set typo GET api endpoints
10:14:58.259 [main] DEBUG net.thucydides.core.steps.StepInterceptor - STEP DONE: I set typo GET api endpoints
10:14:58.269 [main] DEBUG org.apache.http.impl.conn.BasicClientConnectionManager - Get connection for route {s}->https://altashop-api.fly.dev:443
10:14:58.269 [main] DEBUG org.apache.http.impl.conn.DefaultClientConnectionOperator - Connecting to altashop-api.fly.dev:443
10:14:58.320 [main] DEBUG org.apache.http.client.protocol.RequestAddCookies - CookieSpec selected: ignoreCookies
10:14:58.320 [main] DEBUG org.apache.http.client.protocol.RequestAuthCache - Auth cache not set in the context
10:14:58.320 [main] DEBUG org.apache.http.client.protocol.RequestTargetAuthentication - Target auth state: UNCHALLENGED
10:14:58.320 [main] DEBUG org.apache.http.client.protocol.RequestProxyAuthentication - Proxy auth state: UNCHALLENGED
10:14:58.320 [main] DEBUG org.apache.http.impl.client.DefaultHttpClient - Attempt 1 to execute request
10:14:58.320 [main] DEBUG org.apache.http.impl.conn.DefaultClientConnection - Sending request: GET /api/product HTTP/1.1
10:14:58.320 [main] DEBUG org.apache.http.wire -  >> "GET /api/product HTTP/1.1[\r][\n]"
10:14:58.320 [main] DEBUG org.apache.http.wire -  >> "Accept: */*[\r][\n]"
10:14:58.320 [main] DEBUG org.apache.http.wire -  >> "Host: altashop-api.fly.dev[\r][\n]"
10:14:58.320 [main] DEBUG org.apache.http.wire -  >> "Connection: Keep-Alive[\r][\n]"
10:14:58.320 [main] DEBUG org.apache.http.wire -  >> "User-Agent: Apache-HttpClient/4.5.13 (Java/18.0.2.1)[\r][\n]"
10:14:58.321 [main] DEBUG org.apache.http.wire -  >> "Accept-Encoding: gzip,deflate[\r][\n]"
10:14:58.321 [main] DEBUG org.apache.http.wire -  >> "[\r][\n]"
10:14:58.321 [main] DEBUG org.apache.http.headers - >> GET /api/product HTTP/1.1
10:14:58.321 [main] DEBUG org.apache.http.headers - >> Accept: */*
10:14:58.321 [main] DEBUG org.apache.http.headers - >> Host: altashop-api.fly.dev
10:14:58.321 [main] DEBUG org.apache.http.headers - >> Connection: Keep-Alive
10:14:58.321 [main] DEBUG org.apache.http.headers - >> User-Agent: Apache-HttpClient/4.5.13 (Java/18.0.2.1)
10:14:58.321 [main] DEBUG org.apache.http.headers - >> Accept-Encoding: gzip,deflate
10:14:58.345 [main] DEBUG org.apache.http.wire -  << "HTTP/1.1 404 Not Found[\r][\n]"
10:14:58.345 [main] DEBUG org.apache.http.wire -  << "date: Wed, 31 May 2023 03:14:58 GMT[\r][\n]"
10:14:58.345 [main] DEBUG org.apache.http.wire -  << "content-encoding: gzip[\r][\n]"
10:14:58.345 [main] DEBUG org.apache.http.wire -  << "content-type: text/plain; charset=utf-8[\r][\n]"
10:14:58.345 [main] DEBUG org.apache.http.wire -  << "transfer-encoding: chunked[\r][\n]"
10:14:58.346 [main] DEBUG org.apache.http.wire -  << "server: Fly/fe06e9419 (2023-05-24)[\r][\n]"
10:14:58.346 [main] DEBUG org.apache.http.wire -  << "via: 1.1 fly.io[\r][\n]"
10:14:58.346 [main] DEBUG org.apache.http.wire -  << "fly-request-id: 01H1QWTC4PM981BK8PB3NGMQ4F-sin[\r][\n]"
10:14:58.346 [main] DEBUG org.apache.http.wire -  << "[\r][\n]"
10:14:58.346 [main] DEBUG org.apache.http.impl.conn.DefaultClientConnection - Receiving response: HTTP/1.1 404 Not Found
10:14:58.346 [main] DEBUG org.apache.http.headers - << HTTP/1.1 404 Not Found
10:14:58.346 [main] DEBUG org.apache.http.headers - << date: Wed, 31 May 2023 03:14:58 GMT
10:14:58.346 [main] DEBUG org.apache.http.headers - << content-encoding: gzip
10:14:58.346 [main] DEBUG org.apache.http.headers - << content-type: text/plain; charset=utf-8
10:14:58.346 [main] DEBUG org.apache.http.headers - << transfer-encoding: chunked
10:14:58.346 [main] DEBUG org.apache.http.headers - << server: Fly/fe06e9419 (2023-05-24)
10:14:58.346 [main] DEBUG org.apache.http.headers - << via: 1.1 fly.io
10:14:58.346 [main] DEBUG org.apache.http.headers - << fly-request-id: 01H1QWTC4PM981BK8PB3NGMQ4F-sin
10:14:58.346 [main] DEBUG org.apache.http.impl.client.DefaultHttpClient - Connection can be kept alive indefinitely
10:14:58.346 [main] DEBUG io.restassured.internal.RestAssuredHttpBuilder - Parsing response as: text/plain; charset=utf-8
10:14:58.346 [main] DEBUG org.apache.http.wire -  << "1E[\r][\n]"
10:14:58.346 [main] DEBUG org.apache.http.wire -  << "[0x1f][0x8b][0x8][0x0][0x0][0x0][0x0][0x0][0x4][0xff][0xcb][0xcb]/QH[0xcb]/[0xcd]K[0xe1][0x2][0x0][0xd4]I[0xfa]r[\n]"
10:14:58.346 [main] DEBUG org.apache.http.wire -  << "[0x0][0x0][0x0]"
10:14:58.346 [main] DEBUG org.apache.http.wire -  << "[\r][\n]"
10:14:58.346 [main] DEBUG org.apache.http.wire -  << "0[\r][\n]"
10:14:58.346 [main] DEBUG org.apache.http.wire -  << "[\r][\n]"
10:14:58.346 [main] DEBUG io.restassured.internal.RestAssuredHttpBuilder - Parsed data to instance of: class org.apache.http.conn.EofSensorInputStream
10:14:58.347 [main] DEBUG org.apache.http.impl.conn.BasicClientConnectionManager - Releasing connection org.apache.http.impl.conn.ManagedClientConnectionImpl@131c5bd
10:14:58.347 [main] DEBUG org.apache.http.impl.conn.BasicClientConnectionManager - Connection can be kept alive indefinitely
10:14:58.348 [main] DEBUG net.thucydides.core.steps.StepInterceptor - STEP DONE: I send typo GET HTTP request
  &amp#27;[32mWhen &amp#27;[0m&amp#27;[32mI send typo GET HTTP request&amp#27;[0m                                                &amp#27;[90m# starter.stepdefinition.User_produuct_steps.sendTypoGetHttpRequest()&amp#27;[0m
10:14:58.350 [main] DEBUG net.thucydides.core.steps.StepInterceptor - STARTING STEP: User_produuct_steps.reciveInvalidHttpResponse - I receive invalid HTTP response code 404 Not Found
10:14:58.350 [main] DEBUG net.thucydides.core.steps.StepInterceptor - STEP DONE: I receive invalid HTTP response code 404 Not Found
  &amp#27;[32mThen &amp#27;[0m&amp#27;[32mI receive invalid HTTP response code 404 Not Found&amp#27;[0m                          &amp#27;[90m# starter.stepdefinition.User_produuct_steps.reciveInvalidHttpResponse()&amp#27;[0m
10:14:58.352 [main] DEBUG net.thucydides.core.steps.StepInterceptor - STARTING STEP: User_produuct_steps.reciveNothing - I receive nothing from the page
10:14:58.352 [main] DEBUG net.thucydides.core.steps.StepInterceptor - STEP DONE: I receive nothing from the page
  &amp#27;[32mAnd &amp#27;[0m&amp#27;[32mI receive nothing from the page&amp#27;[0m                                              &amp#27;[90m# starter.stepdefinition.User_produuct_steps.reciveNothing()&amp#27;[0m
10:14:58.353 [main] INFO  - 
  _____   ___   ___   _____     ___     _     ___   ___   ___   ___  
 |_   _| | __| / __| |_   _|   | _ \   /_\   / __| / __| | __| |   \ 
   | |   | _|  \__ \   | |     |  _/  / _ \  \__ \ \__ \ | _|  | |) |
   |_|   |___| |___/   |_|     |_|   /_/ \_\ |___/ |___/ |___| |___/ 

GET - As an admin I shouldn't be able to see all  posts with invalid url
----------------------------------------------------------------------
]]></system-out>
  </testcase>
  <testcase name="DELETE - As admin I have be able to delete category existing posts" classname="Posts #1" time="0.156">
    <system-out><![CDATA[
Scenario: DELETE - As admin I have be able to delete category existing posts &amp#27;[90m# src/test/resources/features/User_Category.feature:43&amp#27;[0m
10:14:58.361 [main] DEBUG io.cucumber.core.plugin.SerenityReporter - Running feature from file:///C:/Users/Dimas%20Rizqi%20Suryana/Mini_Project2/src/test/resources/features/User_Category.feature
10:14:58.363 [main] INFO  - 
  _____   ___   ___   _____     ___   _____     _     ___   _____   ___   ___  
 |_   _| | __| / __| |_   _|   / __| |_   _|   /_\   | _ \ |_   _| | __| |   \ 
   | |   | _|  \__ \   | |     \__ \   | |    / _ \  |   /   | |   | _|  | |) |
   |_|   |___| |___/   |_|     |___/   |_|   /_/ \_\ |_|_\   |_|   |___| |___/ 

DELETE - As admin I have be able to delete category existing posts(posts;delete---as-admin-i-have-be-able-to-delete-category-existing-posts)
--------------------------------------------------------------------------------
10:14:58.373 [main] DEBUG net.thucydides.core.steps.StepInterceptor - STARTING STEP: User_Category_steps.setDeleteCategoryApiEndpoints - I set DELETE category api endpoints
10:14:58.373 [main] DEBUG net.thucydides.core.steps.StepInterceptor - STEP DONE: I set DELETE category api endpoints
  &amp#27;[32mGiven &amp#27;[0m&amp#27;[32mI set DELETE category api endpoints&amp#27;[0m                                  &amp#27;[90m# starter.stepdefinition.User_Category_steps.setDeleteCategoryApiEndpoints()&amp#27;[0m
10:14:58.387 [main] DEBUG net.thucydides.core.steps.StepInterceptor - STARTING STEP: User_Category_steps.sendDeleteCategoryHttpRequest - I send DELETE category HTTP request
10:14:58.389 [main] DEBUG net.thucydides.core.steps.StepInterceptor - STARTING STEP: DELETE_Category.sendDeleteCategoryHttpRequest - I set DELETE category api endpoints
10:14:58.389 [main] DEBUG net.thucydides.core.steps.StepInterceptor - STEP DONE: I set DELETE category api endpoints
10:14:58.400 [main] DEBUG org.apache.http.impl.conn.BasicClientConnectionManager - Get connection for route {s}->https://altashop-api.fly.dev:443
10:14:58.400 [main] DEBUG org.apache.http.impl.conn.DefaultClientConnectionOperator - Connecting to altashop-api.fly.dev:443
10:14:58.474 [main] DEBUG org.apache.http.client.protocol.RequestAddCookies - CookieSpec selected: ignoreCookies
10:14:58.474 [main] DEBUG org.apache.http.client.protocol.RequestAuthCache - Auth cache not set in the context
10:14:58.474 [main] DEBUG org.apache.http.client.protocol.RequestTargetAuthentication - Target auth state: UNCHALLENGED
10:14:58.474 [main] DEBUG org.apache.http.client.protocol.RequestProxyAuthentication - Proxy auth state: UNCHALLENGED
10:14:58.474 [main] DEBUG org.apache.http.impl.client.DefaultHttpClient - Attempt 1 to execute request
10:14:58.474 [main] DEBUG org.apache.http.impl.conn.DefaultClientConnection - Sending request: DELETE /api/categories/1 HTTP/1.1
10:14:58.474 [main] DEBUG org.apache.http.wire -  >> "DELETE /api/categories/1 HTTP/1.1[\r][\n]"
10:14:58.474 [main] DEBUG org.apache.http.wire -  >> "Accept: */*[\r][\n]"
10:14:58.474 [main] DEBUG org.apache.http.wire -  >> "Host: altashop-api.fly.dev[\r][\n]"
10:14:58.474 [main] DEBUG org.apache.http.wire -  >> "Connection: Keep-Alive[\r][\n]"
10:14:58.474 [main] DEBUG org.apache.http.wire -  >> "User-Agent: Apache-HttpClient/4.5.13 (Java/18.0.2.1)[\r][\n]"
10:14:58.474 [main] DEBUG org.apache.http.wire -  >> "Accept-Encoding: gzip,deflate[\r][\n]"
10:14:58.474 [main] DEBUG org.apache.http.wire -  >> "[\r][\n]"
10:14:58.474 [main] DEBUG org.apache.http.headers - >> DELETE /api/categories/1 HTTP/1.1
10:14:58.474 [main] DEBUG org.apache.http.headers - >> Accept: */*
10:14:58.475 [main] DEBUG org.apache.http.headers - >> Host: altashop-api.fly.dev
10:14:58.475 [main] DEBUG org.apache.http.headers - >> Connection: Keep-Alive
10:14:58.475 [main] DEBUG org.apache.http.headers - >> User-Agent: Apache-HttpClient/4.5.13 (Java/18.0.2.1)
10:14:58.475 [main] DEBUG org.apache.http.headers - >> Accept-Encoding: gzip,deflate
10:14:58.496 [main] DEBUG org.apache.http.wire -  << "HTTP/1.1 200 OK[\r][\n]"
10:14:58.496 [main] DEBUG org.apache.http.wire -  << "content-type: application/json[\r][\n]"
10:14:58.496 [main] DEBUG org.apache.http.wire -  << "date: Wed, 31 May 2023 03:14:58 GMT[\r][\n]"
10:14:58.496 [main] DEBUG org.apache.http.wire -  << "content-encoding: gzip[\r][\n]"
10:14:58.496 [main] DEBUG org.apache.http.wire -  << "transfer-encoding: chunked[\r][\n]"
10:14:58.496 [main] DEBUG org.apache.http.wire -  << "server: Fly/fe06e9419 (2023-05-24)[\r][\n]"
10:14:58.496 [main] DEBUG org.apache.http.wire -  << "via: 1.1 fly.io[\r][\n]"
10:14:58.496 [main] DEBUG org.apache.http.wire -  << "fly-request-id: 01H1QWTC9J326WG8QM7VRV7NG8-sin[\r][\n]"
10:14:58.496 [main] DEBUG org.apache.http.wire -  << "[\r][\n]"
10:14:58.496 [main] DEBUG org.apache.http.impl.conn.DefaultClientConnection - Receiving response: HTTP/1.1 200 OK
10:14:58.496 [main] DEBUG org.apache.http.headers - << HTTP/1.1 200 OK
10:14:58.496 [main] DEBUG org.apache.http.headers - << content-type: application/json
10:14:58.496 [main] DEBUG org.apache.http.headers - << date: Wed, 31 May 2023 03:14:58 GMT
10:14:58.496 [main] DEBUG org.apache.http.headers - << content-encoding: gzip
10:14:58.496 [main] DEBUG org.apache.http.headers - << transfer-encoding: chunked
10:14:58.496 [main] DEBUG org.apache.http.headers - << server: Fly/fe06e9419 (2023-05-24)
10:14:58.496 [main] DEBUG org.apache.http.headers - << via: 1.1 fly.io
10:14:58.496 [main] DEBUG org.apache.http.headers - << fly-request-id: 01H1QWTC9J326WG8QM7VRV7NG8-sin
10:14:58.497 [main] DEBUG org.apache.http.impl.client.DefaultHttpClient - Connection can be kept alive indefinitely
10:14:58.497 [main] DEBUG io.restassured.internal.RestAssuredHttpBuilder - Parsing response as: application/json
10:14:58.497 [main] DEBUG org.apache.http.wire -  << "22[\r][\n]"
10:14:58.497 [main] DEBUG org.apache.http.wire -  << "[0x1f][0x8b][0x8][0x0][0x0][0x0][0x0][0x0][0x4][0xff][0xab]VJI,IT[0xb2][0xca]+[0xcd][0xc9][0xa9][0xe5][0x2][0x0][0xa3][0xab][0x8f]W[0xe][0x0][0x0][0x0]"
10:14:58.497 [main] DEBUG org.apache.http.wire -  << "[\r][\n]"
[...]
10:15:00.495 [main] DEBUG org.apache.http.headers - << transfer-encoding: chunked
10:15:00.495 [main] DEBUG org.apache.http.headers - << server: Fly/fe06e9419 (2023-05-24)
10:15:00.495 [main] DEBUG org.apache.http.headers - << via: 1.1 fly.io
10:15:00.495 [main] DEBUG org.apache.http.headers - << fly-request-id: 01H1QWTE811TGDBBX58JGVXYHH-sin
10:15:00.495 [main] DEBUG org.apache.http.impl.client.DefaultHttpClient - Connection can be kept alive indefinitely
10:15:00.495 [main] DEBUG io.restassured.internal.RestAssuredHttpBuilder - Parsing response as: text/plain; charset=utf-8
10:15:00.495 [main] DEBUG org.apache.http.wire -  << "1E[\r][\n]"
10:15:00.495 [main] DEBUG org.apache.http.wire -  << "[0x1f][0x8b][0x8][0x0][0x0][0x0][0x0][0x0][0x4][0xff][0xcb][0xcb]/QH[0xcb]/[0xcd]K[0xe1][0x2][0x0][0xd4]I[0xfa]r[\n]"
10:15:00.495 [main] DEBUG org.apache.http.wire -  << "[0x0][0x0][0x0]"
10:15:00.495 [main] DEBUG org.apache.http.wire -  << "[\r][\n]"
10:15:00.496 [main] DEBUG org.apache.http.wire -  << "0[\r][\n]"
10:15:00.496 [main] DEBUG org.apache.http.wire -  << "[\r][\n]"
10:15:00.496 [main] DEBUG io.restassured.internal.RestAssuredHttpBuilder - Parsed data to instance of: class org.apache.http.conn.EofSensorInputStream
10:15:00.497 [main] DEBUG org.apache.http.impl.conn.BasicClientConnectionManager - Releasing connection org.apache.http.impl.conn.ManagedClientConnectionImpl@3031d9e9
10:15:00.497 [main] DEBUG org.apache.http.impl.conn.BasicClientConnectionManager - Connection can be kept alive indefinitely
10:15:00.497 [main] DEBUG net.thucydides.core.steps.StepInterceptor - STEP DONE: I send typo POST HTTP request
  &amp#27;[32mWhen &amp#27;[0m&amp#27;[32mI send typo POST HTTP request&amp#27;[0m                                                  &amp#27;[90m# starter.stepdefinition.User_produuct_steps.sendPostInvalidHttpRequest()&amp#27;[0m
10:15:00.500 [main] DEBUG net.thucydides.core.steps.StepInterceptor - STARTING STEP: User_produuct_steps.reciveInvalidHttpResponse - I receive invalid HTTP response code 404 Not Found
10:15:00.501 [main] DEBUG net.thucydides.core.steps.StepInterceptor - STEP DONE: I receive invalid HTTP response code 404 Not Found
  &amp#27;[32mThen &amp#27;[0m&amp#27;[32mI receive invalid HTTP response code 404 Not Found&amp#27;[0m                             &amp#27;[90m# starter.stepdefinition.User_produuct_steps.reciveInvalidHttpResponse()&amp#27;[0m
10:15:00.503 [main] DEBUG net.thucydides.core.steps.StepInterceptor - STARTING STEP: User_produuct_steps.reciveNothing - I receive nothing from the page
10:15:00.503 [main] DEBUG net.thucydides.core.steps.StepInterceptor - STEP DONE: I receive nothing from the page
  &amp#27;[32mAnd &amp#27;[0m&amp#27;[32mI receive nothing from the page&amp#27;[0m                                                 &amp#27;[90m# starter.stepdefinition.User_produuct_steps.reciveNothing()&amp#27;[0m
10:15:00.503 [main] INFO  - 
  _____   ___   ___   _____     ___     _     ___   ___   ___   ___  
 |_   _| | __| / __| |_   _|   | _ \   /_\   / __| / __| | __| |   \ 
   | |   | _|  \__ \   | |     |  _/  / _ \  \__ \ \__ \ | _|  | |) |
   |_|   |___| |___/   |_|     |_|   /_/ \_\ |___/ |___/ |___| |___/ 

POST - As an admin I shouldn't be able to create new posts with invalid url
----------------------------------------------------------------------
]]></system-out>
  </testcase>
  <testcase name="DELETE - As admin I have be able to delete existing posts" classname="Posts #4" time="0.115">
    <system-out><![CDATA[
Scenario: DELETE - As admin I have be able to delete existing posts &amp#27;[90m# src/test/resources/features/User_product.feature:31&amp#27;[0m
10:15:00.507 [main] DEBUG io.cucumber.core.plugin.SerenityReporter - Running feature from file:///C:/Users/Dimas%20Rizqi%20Suryana/Mini_Project2/src/test/resources/features/User_product.feature
10:15:00.508 [main] INFO  - 
  _____   ___   ___   _____     ___   _____     _     ___   _____   ___   ___  
 |_   _| | __| / __| |_   _|   / __| |_   _|   /_\   | _ \ |_   _| | __| |   \ 
   | |   | _|  \__ \   | |     \__ \   | |    / _ \  |   /   | |   | _|  | |) |
   |_|   |___| |___/   |_|     |___/   |_|   /_/ \_\ |_|_\   |_|   |___| |___/ 

DELETE - As admin I have be able to delete existing posts(posts;delete---as-admin-i-have-be-able-to-delete-existing-posts)
--------------------------------------------------------------------------------
10:15:00.520 [main] DEBUG net.thucydides.core.steps.StepInterceptor - STARTING STEP: User_produuct_steps.setDeleteApiEndpoints - I set DELETE api endpoints
10:15:00.521 [main] DEBUG net.thucydides.core.steps.StepInterceptor - STEP DONE: I set DELETE api endpoints
  &amp#27;[32mGiven &amp#27;[0m&amp#27;[32mI set DELETE api endpoints&amp#27;[0m                                  &amp#27;[90m# starter.stepdefinition.User_produuct_steps.setDeleteApiEndpoints()&amp#27;[0m
10:15:00.526 [main] DEBUG net.thucydides.core.steps.StepInterceptor - STARTING STEP: User_produuct_steps.sendDeleteHttpRequest - I send DELETE HTTP request
10:15:00.527 [main] DEBUG net.thucydides.core.steps.StepInterceptor - STARTING STEP: DELETE_Product.sendDeleteHttpRequest - I set DELETE api endpoints
10:15:00.527 [main] DEBUG net.thucydides.core.steps.StepInterceptor - STEP DONE: I set DELETE api endpoints
10:15:00.540 [main] DEBUG org.apache.http.impl.conn.BasicClientConnectionManager - Get connection for route {s}->https://altashop-api.fly.dev:443
10:15:00.541 [main] DEBUG org.apache.http.impl.conn.DefaultClientConnectionOperator - Connecting to altashop-api.fly.dev:443
10:15:00.590 [main] DEBUG org.apache.http.client.protocol.RequestAddCookies - CookieSpec selected: ignoreCookies
10:15:00.590 [main] DEBUG org.apache.http.client.protocol.RequestAuthCache - Auth cache not set in the context
10:15:00.590 [main] DEBUG org.apache.http.client.protocol.RequestTargetAuthentication - Target auth state: UNCHALLENGED
10:15:00.590 [main] DEBUG org.apache.http.client.protocol.RequestProxyAuthentication - Proxy auth state: UNCHALLENGED
10:15:00.590 [main] DEBUG org.apache.http.impl.client.DefaultHttpClient - Attempt 1 to execute request
10:15:00.590 [main] DEBUG org.apache.http.impl.conn.DefaultClientConnection - Sending request: DELETE /api/products/1 HTTP/1.1
10:15:00.590 [main] DEBUG org.apache.http.wire -  >> "DELETE /api/products/1 HTTP/1.1[\r][\n]"
10:15:00.590 [main] DEBUG org.apache.http.wire -  >> "Accept: */*[\r][\n]"
10:15:00.590 [main] DEBUG org.apache.http.wire -  >> "Host: altashop-api.fly.dev[\r][\n]"
10:15:00.590 [main] DEBUG org.apache.http.wire -  >> "Connection: Keep-Alive[\r][\n]"
10:15:00.590 [main] DEBUG org.apache.http.wire -  >> "User-Agent: Apache-HttpClient/4.5.13 (Java/18.0.2.1)[\r][\n]"
10:15:00.590 [main] DEBUG org.apache.http.wire -  >> "Accept-Encoding: gzip,deflate[\r][\n]"
10:15:00.590 [main] DEBUG org.apache.http.wire -  >> "[\r][\n]"
10:15:00.590 [main] DEBUG org.apache.http.headers - >> DELETE /api/products/1 HTTP/1.1
10:15:00.590 [main] DEBUG org.apache.http.headers - >> Accept: */*
10:15:00.590 [main] DEBUG org.apache.http.headers - >> Host: altashop-api.fly.dev
10:15:00.590 [main] DEBUG org.apache.http.headers - >> Connection: Keep-Alive
10:15:00.590 [main] DEBUG org.apache.http.headers - >> User-Agent: Apache-HttpClient/4.5.13 (Java/18.0.2.1)
10:15:00.590 [main] DEBUG org.apache.http.headers - >> Accept-Encoding: gzip,deflate
10:15:00.614 [main] DEBUG org.apache.http.wire -  << "HTTP/1.1 200 OK[\r][\n]"
10:15:00.614 [main] DEBUG org.apache.http.wire -  << "content-type: application/json[\r][\n]"
10:15:00.614 [main] DEBUG org.apache.http.wire -  << "date: Wed, 31 May 2023 03:15:00 GMT[\r][\n]"
10:15:00.614 [main] DEBUG org.apache.http.wire -  << "content-encoding: gzip[\r][\n]"
10:15:00.614 [main] DEBUG org.apache.http.wire -  << "transfer-encoding: chunked[\r][\n]"
10:15:00.614 [main] DEBUG org.apache.http.wire -  << "server: Fly/fe06e9419 (2023-05-24)[\r][\n]"
10:15:00.614 [main] DEBUG org.apache.http.wire -  << "via: 1.1 fly.io[\r][\n]"
10:15:00.614 [main] DEBUG org.apache.http.wire -  << "fly-request-id: 01H1QWTEBNM0EHTY6Y8DEKAQ1M-sin[\r][\n]"
10:15:00.614 [main] DEBUG org.apache.http.wire -  << "[\r][\n]"
10:15:00.614 [main] DEBUG org.apache.http.impl.conn.DefaultClientConnection - Receiving response: HTTP/1.1 200 OK
10:15:00.614 [main] DEBUG org.apache.http.headers - << HTTP/1.1 200 OK
10:15:00.614 [main] DEBUG org.apache.http.headers - << content-type: application/json
10:15:00.614 [main] DEBUG org.apache.http.headers - << date: Wed, 31 May 2023 03:15:00 GMT
10:15:00.614 [main] DEBUG org.apache.http.headers - << content-encoding: gzip
10:15:00.614 [main] DEBUG org.apache.http.headers - << transfer-encoding: chunked
10:15:00.614 [main] DEBUG org.apache.http.headers - << server: Fly/fe06e9419 (2023-05-24)
10:15:00.614 [main] DEBUG org.apache.http.headers - << via: 1.1 fly.io
10:15:00.614 [main] DEBUG org.apache.http.headers - << fly-request-id: 01H1QWTEBNM0EHTY6Y8DEKAQ1M-sin
10:15:00.614 [main] DEBUG org.apache.http.impl.client.DefaultHttpClient - Connection can be kept alive indefinitely
10:15:00.614 [main] DEBUG io.restassured.internal.RestAssuredHttpBuilder - Parsing response as: application/json
10:15:00.614 [main] DEBUG org.apache.http.wire -  << "22[\r][\n]"
10:15:00.614 [main] DEBUG org.apache.http.wire -  << "[0x1f][0x8b][0x8][0x0][0x0][0x0][0x0][0x0][0x4][0xff][0xab]VJI,IT[0xb2][0xca]+[0xcd][0xc9][0xa9][0xe5][0x2][0x0][0xa3][0xab][0x8f]W[0xe][0x0][0x0][0x0]"
10:15:00.614 [main] DEBUG org.apache.http.wire -  << "[\r][\n]"
10:15:00.614 [main] DEBUG org.apache.http.wire -  << "0[\r][\n]"
10:15:00.614 [main] DEBUG org.apache.http.wire -  << "[\r][\n]"
10:15:00.614 [main] DEBUG io.restassured.internal.RestAssuredHttpBuilder - Parsed data to instance of: class org.apache.http.conn.EofSensorInputStream
10:15:00.615 [main] DEBUG org.apache.http.impl.conn.BasicClientConnectionManager - Releasing connection org.apache.http.impl.conn.ManagedClientConnectionImpl@29682244
10:15:00.615 [main] DEBUG org.apache.http.impl.conn.BasicClientConnectionManager - Connection can be kept alive indefinitely
10:15:00.615 [main] DEBUG net.thucydides.core.steps.StepInterceptor - STEP DONE: I send DELETE HTTP request
  &amp#27;[32mWhen &amp#27;[0m&amp#27;[32mI send DELETE HTTP request&amp#27;[0m                                   &amp#27;[90m# starter.stepdefinition.User_produuct_steps.sendDeleteHttpRequest()&amp#27;[0m
10:15:00.618 [main] DEBUG net.thucydides.core.steps.StepInterceptor - STARTING STEP: User_produuct_steps.reciveValidHttpResponse - I receive valid HTTP response code 200
10:15:00.618 [main] DEBUG net.thucydides.core.steps.StepInterceptor - STEP DONE: I receive valid HTTP response code 200
  &amp#27;[32mThen &amp#27;[0m&amp#27;[32mI receive valid HTTP response code 200&amp#27;[0m                       &amp#27;[90m# starter.stepdefinition.User_produuct_steps.reciveValidHttpResponse()&amp#27;[0m
10:15:00.619 [main] INFO  - 
  _____   ___   ___   _____     ___     _     ___   ___   ___   ___  
 |_   _| | __| / __| |_   _|   | _ \   /_\   / __| / __| | __| |   \ 
   | |   | _|  \__ \   | |     |  _/  / _ \  \__ \ \__ \ | _|  | |) |
   |_|   |___| |___/   |_|     |_|   /_/ \_\ |___/ |___/ |___| |___/ 

DELETE - As admin I have be able to delete existing posts
----------------------------------------------------------------------
]]></system-out>
  </testcase>
  <testcase name="DELETE - As admin I shouldn&apos;t be able to delete without input which posts" classname="Posts #4" time="0.092">
    <system-out><![CDATA[
Scenario: DELETE - As admin I shouldn't be able to delete without input which posts &amp#27;[90m# src/test/resources/features/User_product.feature:36&amp#27;[0m
10:15:00.623 [main] DEBUG io.cucumber.core.plugin.SerenityReporter - Running feature from file:///C:/Users/Dimas%20Rizqi%20Suryana/Mini_Project2/src/test/resources/features/User_product.feature
10:15:00.623 [main] INFO  - 
  _____   ___   ___   _____     ___   _____     _     ___   _____   ___   ___  
 |_   _| | __| / __| |_   _|   / __| |_   _|   /_\   | _ \ |_   _| | __| |   \ 
   | |   | _|  \__ \   | |     \__ \   | |    / _ \  |   /   | |   | _|  | |) |
   |_|   |___| |___/   |_|     |___/   |_|   /_/ \_\ |_|_\   |_|   |___| |___/ 

DELETE - As admin I shouldn't be able to delete without input which posts(posts;delete---as-admin-i-shouldn-t-be-able-to-delete-without-input-which-posts)
--------------------------------------------------------------------------------
10:15:00.629 [main] DEBUG net.thucydides.core.steps.StepInterceptor - STARTING STEP: User_produuct_steps.setInvalidDeleteApiEndpoints - I set DELETE to invalid api endpoints
10:15:00.629 [main] DEBUG net.thucydides.core.steps.StepInterceptor - STEP DONE: I set DELETE to invalid api endpoints
  &amp#27;[32mGiven &amp#27;[0m&amp#27;[32mI set DELETE to invalid api endpoints&amp#27;[0m                                       &amp#27;[90m# starter.stepdefinition.User_produuct_steps.setInvalidDeleteApiEndpoints()&amp#27;[0m
10:15:00.630 [main] DEBUG net.thucydides.core.steps.StepInterceptor - STARTING STEP: User_produuct_steps.sendInvalidDeleteHttpRequest - I send DELETE Invalid HTTP request
10:15:00.631 [main] DEBUG net.thucydides.core.steps.StepInterceptor - STARTING STEP: DELETE_Product.sendInvalidDeleteHttpRequest - I set DELETE to invalid api endpoints
10:15:00.631 [main] DEBUG net.thucydides.core.steps.StepInterceptor - STEP DONE: I set DELETE to invalid api endpoints
10:15:00.637 [main] DEBUG org.apache.http.impl.conn.BasicClientConnectionManager - Get connection for route {s}->https://altashop-api.fly.dev:443
10:15:00.637 [main] DEBUG org.apache.http.impl.conn.DefaultClientConnectionOperator - Connecting to altashop-api.fly.dev:443
10:15:00.679 [main] DEBUG org.apache.http.client.protocol.RequestAddCookies - CookieSpec selected: ignoreCookies
10:15:00.679 [main] DEBUG org.apache.http.client.protocol.RequestAuthCache - Auth cache not set in the context
10:15:00.679 [main] DEBUG org.apache.http.client.protocol.RequestTargetAuthentication - Target auth state: UNCHALLENGED
10:15:00.679 [main] DEBUG org.apache.http.client.protocol.RequestProxyAuthentication - Proxy auth state: UNCHALLENGED
10:15:00.679 [main] DEBUG org.apache.http.impl.client.DefaultHttpClient - Attempt 1 to execute request
10:15:00.679 [main] DEBUG org.apache.http.impl.conn.DefaultClientConnection - Sending request: DELETE /api/products HTTP/1.1
10:15:00.679 [main] DEBUG org.apache.http.wire -  >> "DELETE /api/products HTTP/1.1[\r][\n]"
10:15:00.679 [main] DEBUG org.apache.http.wire -  >> "Accept: */*[\r][\n]"
10:15:00.679 [main] DEBUG org.apache.http.wire -  >> "Host: altashop-api.fly.dev[\r][\n]"
10:15:00.679 [main] DEBUG org.apache.http.wire -  >> "Connection: Keep-Alive[\r][\n]"
10:15:00.679 [main] DEBUG org.apache.http.wire -  >> "User-Agent: Apache-HttpClient/4.5.13 (Java/18.0.2.1)[\r][\n]"
10:15:00.679 [main] DEBUG org.apache.http.wire -  >> "Accept-Encoding: gzip,deflate[\r][\n]"
10:15:00.679 [main] DEBUG org.apache.http.wire -  >> "[\r][\n]"
10:15:00.679 [main] DEBUG org.apache.http.headers - >> DELETE /api/products HTTP/1.1
10:15:00.679 [main] DEBUG org.apache.http.headers - >> Accept: */*
10:15:00.679 [main] DEBUG org.apache.http.headers - >> Host: altashop-api.fly.dev
10:15:00.679 [main] DEBUG org.apache.http.headers - >> Connection: Keep-Alive
10:15:00.679 [main] DEBUG org.apache.http.headers - >> User-Agent: Apache-HttpClient/4.5.13 (Java/18.0.2.1)
10:15:00.679 [main] DEBUG org.apache.http.headers - >> Accept-Encoding: gzip,deflate
10:15:00.702 [main] DEBUG org.apache.http.wire -  << "HTTP/1.1 405 Method Not Allowed[\r][\n]"
10:15:00.702 [main] DEBUG org.apache.http.wire -  << "date: Wed, 31 May 2023 03:15:00 GMT[\r][\n]"
10:15:00.702 [main] DEBUG org.apache.http.wire -  << "content-encoding: gzip[\r][\n]"
10:15:00.702 [main] DEBUG org.apache.http.wire -  << "content-type: text/plain; charset=utf-8[\r][\n]"
10:15:00.702 [main] DEBUG org.apache.http.wire -  << "transfer-encoding: chunked[\r][\n]"
10:15:00.702 [main] DEBUG org.apache.http.wire -  << "server: Fly/fe06e9419 (2023-05-24)[\r][\n]"
10:15:00.702 [main] DEBUG org.apache.http.wire -  << "via: 1.1 fly.io[\r][\n]"
10:15:00.702 [main] DEBUG org.apache.http.wire -  << "fly-request-id: 01H1QWTEEE8WBJ6BZZG2DJ1N7Q-sin[\r][\n]"
10:15:00.702 [main] DEBUG org.apache.http.wire -  << "[\r][\n]"
10:15:00.702 [main] DEBUG org.apache.http.impl.conn.DefaultClientConnection - Receiving response: HTTP/1.1 405 Method Not Allowed
10:15:00.702 [main] DEBUG org.apache.http.headers - << HTTP/1.1 405 Method Not Allowed
10:15:00.702 [main] DEBUG org.apache.http.headers - << date: Wed, 31 May 2023 03:15:00 GMT
10:15:00.702 [main] DEBUG org.apache.http.headers - << content-encoding: gzip
10:15:00.702 [main] DEBUG org.apache.http.headers - << content-type: text/plain; charset=utf-8
10:15:00.702 [main] DEBUG org.apache.http.headers - << transfer-encoding: chunked
10:15:00.702 [main] DEBUG org.apache.http.headers - << server: Fly/fe06e9419 (2023-05-24)
10:15:00.702 [main] DEBUG org.apache.http.headers - << via: 1.1 fly.io
10:15:00.702 [main] DEBUG org.apache.http.headers - << fly-request-id: 01H1QWTEEE8WBJ6BZZG2DJ1N7Q-sin
10:15:00.703 [main] DEBUG org.apache.http.impl.client.DefaultHttpClient - Connection can be kept alive indefinitely
10:15:00.703 [main] DEBUG io.restassured.internal.RestAssuredHttpBuilder - Parsing response as: text/plain; charset=utf-8
10:15:00.703 [main] DEBUG org.apache.http.wire -  << "27[\r][\n]"
10:15:00.703 [main] DEBUG org.apache.http.wire -  << "[0x1f][0x8b][0x8][0x0][0x0][0x0][0x0][0x0][0x4][0xff][0xcb]M-[0xc9][0xc8]OQ[0xc8][0xcb]/QH[0xcc][0xc9][0xc9]/OM[0xe1][0x2][0x0][0xe5]Yf[0xfa][0x13][0x0][0x0][0x0]"
10:15:00.703 [main] DEBUG org.apache.http.wire -  << "[\r][\n]"
10:15:00.703 [main] DEBUG org.apache.http.wire -  << "0[\r][\n]"
10:15:00.703 [main] DEBUG org.apache.http.wire -  << "[\r][\n]"
10:15:00.703 [main] DEBUG io.restassured.internal.RestAssuredHttpBuilder - Parsed data to instance of: class org.apache.http.conn.EofSensorInputStream
10:15:00.704 [main] DEBUG org.apache.http.impl.conn.BasicClientConnectionManager - Releasing connection org.apache.http.impl.conn.ManagedClientConnectionImpl@22f1a340
10:15:00.704 [main] DEBUG org.apache.http.impl.conn.BasicClientConnectionManager - Connection can be kept alive indefinitely
10:15:00.705 [main] DEBUG net.thucydides.core.steps.StepInterceptor - STEP DONE: I send DELETE Invalid HTTP request
  &amp#27;[32mWhen &amp#27;[0m&amp#27;[32mI send DELETE Invalid HTTP request&amp#27;[0m                                           &amp#27;[90m# starter.stepdefinition.User_produuct_steps.sendInvalidDeleteHttpRequest()&amp#27;[0m
  &amp#27;[32mThen &amp#27;[0m&amp#27;[32mI receive invalid HTTP response code 405 Not Found&amp#27;[0m                           &amp#27;[90m# starter.stepdefinition.User_produuct_steps.reciveInvalidHttpResponseCode405()&amp#27;[0m
10:15:00.710 [main] DEBUG net.thucydides.core.steps.StepInterceptor - STARTING STEP: User_produuct_steps.reciveNothing - I receive nothing from the page
10:15:00.710 [main] DEBUG net.thucydides.core.steps.StepInterceptor - STEP DONE: I receive nothing from the page
  &amp#27;[32mAnd &amp#27;[0m&amp#27;[32mI receive nothing from the page&amp#27;[0m                                               &amp#27;[90m# starter.stepdefinition.User_produuct_steps.reciveNothing()&amp#27;[0m
10:15:00.711 [main] INFO  - 
  _____   ___   ___   _____     ___     _     ___   ___   ___   ___  
 |_   _| | __| / __| |_   _|   | _ \   /_\   / __| / __| | __| |   \ 
   | |   | _|  \__ \   | |     |  _/  / _ \  \__ \ \__ \ | _|  | |) |
   |_|   |___| |___/   |_|     |_|   /_/ \_\ |___/ |___/ |___| |___/ 

DELETE - As admin I shouldn't be able to delete without input which posts
----------------------------------------------------------------------
]]></system-out>
  </testcase>
</testsuite>